{"/Users/nishan/Desktop/nishan/experiments/usedb-mono/packages/core/src/connection.ts": {"path":"/Users/nishan/Desktop/nishan/experiments/usedb-mono/packages/core/src/connection.ts","statementMap":{"0":{"start":{"line":5,"column":0},"end":{"line":5,"column":13}},"1":{"start":{"line":8,"column":20},"end":{"line":8,"column":22}},"2":{"start":{"line":8,"column":24},"end":{"line":8,"column":61}},"3":{"start":{"line":9,"column":4},"end":{"line":9,"column":21}},"4":{"start":{"line":10,"column":4},"end":{"line":10,"column":20}},"5":{"start":{"line":12,"column":2},"end":{"line":14,"column":null}},"6":{"start":{"line":13,"column":4},"end":{"line":13,"column":21}},"7":{"start":{"line":15,"column":2},"end":{"line":17,"column":null}},"8":{"start":{"line":16,"column":4},"end":{"line":16,"column":41}},"9":{"start":{"line":18,"column":2},"end":{"line":30,"column":null}},"10":{"start":{"line":18,"column":2},"end":{"line":18,"column":7}},"11":{"start":{"line":19,"column":4},"end":{"line":29,"column":7}},"12":{"start":{"line":20,"column":6},"end":{"line":28,"column":11}},"13":{"start":{"line":23,"column":10},"end":{"line":23,"column":24}},"14":{"start":{"line":26,"column":10},"end":{"line":26,"column":39}},"15":{"start":{"line":27,"column":10},"end":{"line":27,"column":24}},"16":{"start":{"line":31,"column":0},"end":{"line":31,"column":null}},"17":{"start":{"line":5,"column":13},"end":{"line":5,"column":23}}},"fnMap":{"0":{"name":"(anonymous_0)","decl":{"start":{"line":5,"column":0},"end":{"line":5,"column":13}},"loc":{"start":{"line":5,"column":0},"end":{"line":31,"column":null}}},"1":{"name":"Connection","decl":{"start":{"line":8,"column":2},"end":{"line":8,"column":14}},"loc":{"start":{"line":8,"column":61},"end":{"line":11,"column":3}}},"2":{"name":"(anonymous_2)","decl":{"start":{"line":12,"column":2},"end":{"line":12,"column":12}},"loc":{"start":{"line":12,"column":26},"end":{"line":14,"column":3}}},"3":{"name":"(anonymous_3)","decl":{"start":{"line":15,"column":2},"end":{"line":15,"column":19}},"loc":{"start":{"line":15,"column":2},"end":{"line":17,"column":3}}},"4":{"name":"(anonymous_4)","decl":{"start":{"line":18,"column":2},"end":{"line":18,"column":7}},"loc":{"start":{"line":18,"column":49},"end":{"line":30,"column":3}}},"5":{"name":"(anonymous_5)","decl":{"start":{"line":19,"column":23},"end":{"line":19,"column":24}},"loc":{"start":{"line":19,"column":49},"end":{"line":29,"column":5}}},"6":{"name":"(anonymous_6)","decl":{"start":{"line":22,"column":14},"end":{"line":22,"column":18}},"loc":{"start":{"line":22,"column":18},"end":{"line":24,"column":9}}},"7":{"name":"(anonymous_7)","decl":{"start":{"line":25,"column":15},"end":{"line":25,"column":20}},"loc":{"start":{"line":25,"column":20},"end":{"line":28,"column":9}}}},"branchMap":{},"s":{"0":3,"1":0,"2":0,"3":0,"4":0,"5":3,"6":0,"7":3,"8":0,"9":3,"10":0,"11":0,"12":0,"13":0,"14":0,"15":0,"16":3,"17":3},"f":{"0":3,"1":0,"2":0,"3":0,"4":0,"5":0,"6":0,"7":0},"b":{}}
,"/Users/nishan/Desktop/nishan/experiments/usedb-mono/packages/core/src/index.tsx": {"path":"/Users/nishan/Desktop/nishan/experiments/usedb-mono/packages/core/src/index.tsx","statementMap":{"0":{"start":{"line":1,"column":0},"end":{"line":1,"column":24}},"1":{"start":{"line":2,"column":0},"end":{"line":2,"column":9}},"2":{"start":{"line":2,"column":9},"end":{"line":2,"column":42}},"3":{"start":{"line":3,"column":0},"end":{"line":3,"column":null}},"4":{"start":{"line":5,"column":2},"end":{"line":5,"column":null}},"5":{"start":{"line":6,"column":2},"end":{"line":6,"column":null}},"6":{"start":{"line":7,"column":2},"end":{"line":7,"column":null}},"7":{"start":{"line":9,"column":0},"end":{"line":9,"column":24}},"8":{"start":{"line":10,"column":0},"end":{"line":10,"column":32}}},"fnMap":{"0":{"name":"(anonymous_0)","decl":{"start":{"line":2,"column":9},"end":{"line":2,"column":19}},"loc":{"start":{"line":2,"column":9},"end":{"line":2,"column":42}}},"1":{"name":"(anonymous_1)","decl":{"start":{"line":5,"column":2},"end":{"line":5,"column":16}},"loc":{"start":{"line":5,"column":2},"end":{"line":5,"column":null}}},"2":{"name":"(anonymous_2)","decl":{"start":{"line":6,"column":2},"end":{"line":6,"column":21}},"loc":{"start":{"line":6,"column":2},"end":{"line":6,"column":null}}},"3":{"name":"(anonymous_3)","decl":{"start":{"line":7,"column":2},"end":{"line":7,"column":21}},"loc":{"start":{"line":7,"column":2},"end":{"line":7,"column":null}}}},"branchMap":{},"s":{"0":3,"1":3,"2":3,"3":3,"4":3,"5":3,"6":3,"7":3,"8":3},"f":{"0":0,"1":0,"2":0,"3":0},"b":{}}
,"/Users/nishan/Desktop/nishan/experiments/usedb-mono/packages/core/src/binding/CloudStorage.ts": {"path":"/Users/nishan/Desktop/nishan/experiments/usedb-mono/packages/core/src/binding/CloudStorage.ts","statementMap":{"0":{"start":{"line":4,"column":0},"end":{"line":4,"column":null}},"1":{"start":{"line":7,"column":4},"end":{"line":7,"column":31}},"2":{"start":{"line":9,"column":2},"end":{"line":28,"column":null}},"3":{"start":{"line":9,"column":2},"end":{"line":9,"column":9}},"4":{"start":{"line":10,"column":4},"end":{"line":27,"column":7}},"5":{"start":{"line":10,"column":45},"end":{"line":27,"column":6}},"6":{"start":{"line":12,"column":8},"end":{"line":14,"column":null}},"7":{"start":{"line":13,"column":10},"end":{"line":13,"column":34}},"8":{"start":{"line":15,"column":19},"end":{"line":21,"column":null}},"9":{"start":{"line":15,"column":12},"end":{"line":21,"column":null}},"10":{"start":{"line":22,"column":19},"end":{"line":22,"column":null}},"11":{"start":{"line":22,"column":12},"end":{"line":22,"column":null}},"12":{"start":{"line":23,"column":8},"end":{"line":23,"column":39}},"13":{"start":{"line":25,"column":8},"end":{"line":25,"column":20}},"14":{"start":{"line":29,"column":2},"end":{"line":44,"column":null}},"15":{"start":{"line":29,"column":2},"end":{"line":29,"column":19}},"16":{"start":{"line":30,"column":4},"end":{"line":43,"column":7}},"17":{"start":{"line":30,"column":45},"end":{"line":43,"column":6}},"18":{"start":{"line":32,"column":19},"end":{"line":37,"column":null}},"19":{"start":{"line":32,"column":12},"end":{"line":37,"column":null}},"20":{"start":{"line":38,"column":19},"end":{"line":38,"column":null}},"21":{"start":{"line":38,"column":12},"end":{"line":38,"column":null}},"22":{"start":{"line":39,"column":8},"end":{"line":39,"column":39}},"23":{"start":{"line":41,"column":8},"end":{"line":41,"column":20}},"24":{"start":{"line":45,"column":0},"end":{"line":45,"column":null}}},"fnMap":{"0":{"name":"(anonymous_0)","decl":{"start":{"line":4,"column":0},"end":{"line":4,"column":null}},"loc":{"start":{"line":4,"column":0},"end":{"line":45,"column":null}}},"1":{"name":"CloudStorageBinding","decl":{"start":{"line":6,"column":2},"end":{"line":6,"column":14}},"loc":{"start":{"line":6,"column":31},"end":{"line":8,"column":3}}},"2":{"name":"(anonymous_2)","decl":{"start":{"line":9,"column":2},"end":{"line":9,"column":9}},"loc":{"start":{"line":9,"column":26},"end":{"line":28,"column":3}}},"3":{"name":"(anonymous_3)","decl":{"start":{"line":10,"column":23},"end":{"line":10,"column":30}},"loc":{"start":{"line":10,"column":45},"end":{"line":27,"column":6}}},"4":{"name":"(anonymous_4)","decl":{"start":{"line":10,"column":45},"end":{"line":10,"column":null}},"loc":{"start":{"line":10,"column":45},"end":{"line":27,"column":6}}},"5":{"name":"(anonymous_6)","decl":{"start":{"line":29,"column":2},"end":{"line":29,"column":19}},"loc":{"start":{"line":29,"column":2},"end":{"line":44,"column":3}}},"6":{"name":"(anonymous_7)","decl":{"start":{"line":30,"column":23},"end":{"line":30,"column":30}},"loc":{"start":{"line":30,"column":45},"end":{"line":43,"column":6}}},"7":{"name":"(anonymous_8)","decl":{"start":{"line":30,"column":45},"end":{"line":30,"column":null}},"loc":{"start":{"line":30,"column":45},"end":{"line":43,"column":6}}}},"branchMap":{"0":{"loc":{"start":{"line":12,"column":8},"end":{"line":14,"column":null}},"type":"if","locations":[{"start":{"line":12,"column":8},"end":{"line":14,"column":null}},{"start":{"line":12,"column":8},"end":{"line":14,"column":null}}]}},"s":{"0":3,"1":0,"2":3,"3":0,"4":0,"5":0,"6":0,"7":0,"8":0,"9":0,"10":0,"11":0,"12":0,"13":0,"14":3,"15":0,"16":0,"17":0,"18":0,"19":0,"20":0,"21":0,"22":0,"23":0,"24":3},"f":{"0":3,"1":0,"2":0,"3":0,"4":0,"5":0,"6":0,"7":0},"b":{"0":[0,0]}}
,"/Users/nishan/Desktop/nishan/experiments/usedb-mono/packages/core/src/binding/LocalStorage.ts": {"path":"/Users/nishan/Desktop/nishan/experiments/usedb-mono/packages/core/src/binding/LocalStorage.ts","statementMap":{"0":{"start":{"line":1,"column":0},"end":{"line":1,"column":52}},"1":{"start":{"line":5,"column":0},"end":{"line":5,"column":null}},"2":{"start":{"line":6,"column":2},"end":{"line":6,"column":60}},"3":{"start":{"line":7,"column":2},"end":{"line":15,"column":null}},"4":{"start":{"line":7,"column":2},"end":{"line":7,"column":19}},"5":{"start":{"line":8,"column":4},"end":{"line":14,"column":7}},"6":{"start":{"line":8,"column":45},"end":{"line":14,"column":6}},"7":{"start":{"line":9,"column":6},"end":{"line":13,"column":null}},"8":{"start":{"line":10,"column":8},"end":{"line":10,"column":20}},"9":{"start":{"line":12,"column":8},"end":{"line":12,"column":20}},"10":{"start":{"line":16,"column":2},"end":{"line":37,"column":null}},"11":{"start":{"line":16,"column":2},"end":{"line":16,"column":9}},"12":{"start":{"line":17,"column":4},"end":{"line":19,"column":null}},"13":{"start":{"line":18,"column":6},"end":{"line":18,"column":60}},"14":{"start":{"line":20,"column":4},"end":{"line":36,"column":7}},"15":{"start":{"line":21,"column":6},"end":{"line":35,"column":null}},"16":{"start":{"line":22,"column":8},"end":{"line":24,"column":null}},"17":{"start":{"line":23,"column":10},"end":{"line":23,"column":34}},"18":{"start":{"line":25,"column":19},"end":{"line":25,"column":64}},"19":{"start":{"line":26,"column":28},"end":{"line":26,"column":77}},"20":{"start":{"line":28,"column":8},"end":{"line":30,"column":null}},"21":{"start":{"line":29,"column":10},"end":{"line":29,"column":38}},"22":{"start":{"line":31,"column":8},"end":{"line":31,"column":64}},"23":{"start":{"line":32,"column":8},"end":{"line":32,"column":36}},"24":{"start":{"line":34,"column":8},"end":{"line":34,"column":20}},"25":{"start":{"line":38,"column":10},"end":{"line":127,"column":null}},"26":{"start":{"line":42,"column":35},"end":{"line":42,"column":41}},"27":{"start":{"line":44,"column":4},"end":{"line":125,"column":null}},"28":{"start":{"line":46,"column":8},"end":{"line":46,"column":45}},"29":{"start":{"line":47,"column":8},"end":{"line":47,"column":14}},"30":{"start":{"line":49,"column":8},"end":{"line":56,"column":null}},"31":{"start":{"line":50,"column":22},"end":{"line":50,"column":65}},"32":{"start":{"line":51,"column":10},"end":{"line":55,"column":null}},"33":{"start":{"line":52,"column":12},"end":{"line":54,"column":null}},"34":{"start":{"line":53,"column":14},"end":{"line":53,"column":76}},"35":{"start":{"line":57,"column":8},"end":{"line":57,"column":14}},"36":{"start":{"line":59,"column":8},"end":{"line":62,"column":null}},"37":{"start":{"line":60,"column":20},"end":{"line":60,"column":60}},"38":{"start":{"line":61,"column":10},"end":{"line":61,"column":56}},"39":{"start":{"line":63,"column":8},"end":{"line":69,"column":null}},"40":{"start":{"line":64,"column":33},"end":{"line":64,"column":35}},"41":{"start":{"line":65,"column":10},"end":{"line":67,"column":13}},"42":{"start":{"line":66,"column":12},"end":{"line":66,"column":66}},"43":{"start":{"line":68,"column":10},"end":{"line":68,"column":72}},"44":{"start":{"line":70,"column":8},"end":{"line":70,"column":14}},"45":{"start":{"line":72,"column":8},"end":{"line":74,"column":null}},"46":{"start":{"line":73,"column":10},"end":{"line":73,"column":65}},"47":{"start":{"line":75,"column":8},"end":{"line":85,"column":null}},"48":{"start":{"line":76,"column":34},"end":{"line":76,"column":36}},"49":{"start":{"line":77,"column":10},"end":{"line":83,"column":13}},"50":{"start":{"line":78,"column":12},"end":{"line":78,"column":34}},"51":{"start":{"line":79,"column":12},"end":{"line":82,"column":15}},"52":{"start":{"line":80,"column":14},"end":{"line":81,"column":49}},"53":{"start":{"line":84,"column":10},"end":{"line":84,"column":37}},"54":{"start":{"line":86,"column":8},"end":{"line":86,"column":14}},"55":{"start":{"line":88,"column":8},"end":{"line":94,"column":null}},"56":{"start":{"line":89,"column":22},"end":{"line":89,"column":65}},"57":{"start":{"line":90,"column":10},"end":{"line":93,"column":null}},"58":{"start":{"line":91,"column":12},"end":{"line":91,"column":51}},"59":{"start":{"line":92,"column":12},"end":{"line":92,"column":47}},"60":{"start":{"line":95,"column":8},"end":{"line":101,"column":null}},"61":{"start":{"line":96,"column":33},"end":{"line":96,"column":35}},"62":{"start":{"line":97,"column":10},"end":{"line":99,"column":13}},"63":{"start":{"line":98,"column":12},"end":{"line":98,"column":66}},"64":{"start":{"line":100,"column":10},"end":{"line":100,"column":72}},"65":{"start":{"line":102,"column":8},"end":{"line":102,"column":14}},"66":{"start":{"line":104,"column":8},"end":{"line":115,"column":null}},"67":{"start":{"line":105,"column":22},"end":{"line":105,"column":23}},"68":{"start":{"line":106,"column":31},"end":{"line":106,"column":71}},"69":{"start":{"line":107,"column":10},"end":{"line":113,"column":13}},"70":{"start":{"line":108,"column":24},"end":{"line":108,"column":57}},"71":{"start":{"line":109,"column":12},"end":{"line":112,"column":null}},"72":{"start":{"line":110,"column":14},"end":{"line":110,"column":22}},"73":{"start":{"line":111,"column":14},"end":{"line":111,"column":49}},"74":{"start":{"line":114,"column":10},"end":{"line":114,"column":30}},"75":{"start":{"line":116,"column":8},"end":{"line":116,"column":14}},"76":{"start":{"line":118,"column":8},"end":{"line":121,"column":null}},"77":{"start":{"line":119,"column":23},"end":{"line":119,"column":63}},"78":{"start":{"line":120,"column":10},"end":{"line":120,"column":38}},"79":{"start":{"line":122,"column":8},"end":{"line":122,"column":14}},"80":{"start":{"line":124,"column":8},"end":{"line":124,"column":14}},"81":{"start":{"line":126,"column":4},"end":{"line":126,"column":33}},"82":{"start":{"line":128,"column":0},"end":{"line":128,"column":null}}},"fnMap":{"0":{"name":"(anonymous_0)","decl":{"start":{"line":5,"column":0},"end":{"line":5,"column":null}},"loc":{"start":{"line":5,"column":0},"end":{"line":128,"column":null}}},"1":{"name":"(anonymous_2)","decl":{"start":{"line":7,"column":2},"end":{"line":7,"column":19}},"loc":{"start":{"line":7,"column":2},"end":{"line":15,"column":3}}},"2":{"name":"(anonymous_3)","decl":{"start":{"line":8,"column":23},"end":{"line":8,"column":30}},"loc":{"start":{"line":8,"column":45},"end":{"line":14,"column":6}}},"3":{"name":"(anonymous_4)","decl":{"start":{"line":8,"column":45},"end":{"line":8,"column":null}},"loc":{"start":{"line":8,"column":45},"end":{"line":14,"column":6}}},"4":{"name":"(anonymous_6)","decl":{"start":{"line":16,"column":2},"end":{"line":16,"column":9}},"loc":{"start":{"line":16,"column":26},"end":{"line":37,"column":3}}},"5":{"name":"(anonymous_7)","decl":{"start":{"line":20,"column":23},"end":{"line":20,"column":24}},"loc":{"start":{"line":20,"column":39},"end":{"line":36,"column":5}}},"6":{"name":"(anonymous_8)","decl":{"start":{"line":38,"column":2},"end":{"line":38,"column":10}},"loc":{"start":{"line":40,"column":20},"end":{"line":127,"column":3}}},"7":{"name":"(anonymous_9)","decl":{"start":{"line":65,"column":33},"end":{"line":65,"column":34}},"loc":{"start":{"line":65,"column":54},"end":{"line":67,"column":11}}},"8":{"name":"(anonymous_10)","decl":{"start":{"line":77,"column":30},"end":{"line":77,"column":31}},"loc":{"start":{"line":77,"column":58},"end":{"line":83,"column":11}}},"9":{"name":"(anonymous_11)","decl":{"start":{"line":79,"column":35},"end":{"line":79,"column":36}},"loc":{"start":{"line":79,"column":56},"end":{"line":82,"column":13}}},"10":{"name":"(anonymous_12)","decl":{"start":{"line":97,"column":33},"end":{"line":97,"column":34}},"loc":{"start":{"line":97,"column":54},"end":{"line":99,"column":11}}},"11":{"name":"(anonymous_13)","decl":{"start":{"line":107,"column":33},"end":{"line":107,"column":36}},"loc":{"start":{"line":107,"column":36},"end":{"line":113,"column":11}}}},"branchMap":{"0":{"loc":{"start":{"line":6,"column":42},"end":{"line":6,"column":54}},"type":"cond-expr","locations":[{"start":{"line":6,"column":42},"end":{"line":6,"column":54}},{"start":{"line":6,"column":57},"end":{"line":6,"column":59}}]},"1":{"loc":{"start":{"line":17,"column":4},"end":{"line":19,"column":null}},"type":"if","locations":[{"start":{"line":17,"column":4},"end":{"line":19,"column":null}},{"start":{"line":17,"column":4},"end":{"line":19,"column":null}}]},"2":{"loc":{"start":{"line":22,"column":8},"end":{"line":24,"column":null}},"type":"if","locations":[{"start":{"line":22,"column":8},"end":{"line":24,"column":null}},{"start":{"line":22,"column":8},"end":{"line":24,"column":null}}]},"3":{"loc":{"start":{"line":28,"column":8},"end":{"line":30,"column":null}},"type":"if","locations":[{"start":{"line":28,"column":8},"end":{"line":30,"column":null}},{"start":{"line":28,"column":8},"end":{"line":30,"column":null}}]},"4":{"loc":{"start":{"line":45,"column":6},"end":{"line":47,"column":14}},"type":"switch","locations":[{"start":{"line":45,"column":6},"end":{"line":47,"column":14}},{"start":{"line":48,"column":6},"end":{"line":57,"column":14}},{"start":{"line":58,"column":6},"end":{"line":70,"column":14}},{"start":{"line":71,"column":6},"end":{"line":86,"column":14}},{"start":{"line":87,"column":6},"end":{"line":102,"column":14}},{"start":{"line":103,"column":6},"end":{"line":116,"column":14}},{"start":{"line":117,"column":6},"end":{"line":122,"column":14}},{"start":{"line":123,"column":6},"end":{"line":124,"column":14}}]},"5":{"loc":{"start":{"line":49,"column":8},"end":{"line":56,"column":null}},"type":"if","locations":[{"start":{"line":49,"column":8},"end":{"line":56,"column":null}},{"start":{"line":49,"column":8},"end":{"line":56,"column":null}}]},"6":{"loc":{"start":{"line":51,"column":10},"end":{"line":55,"column":null}},"type":"if","locations":[{"start":{"line":51,"column":10},"end":{"line":55,"column":null}},{"start":{"line":51,"column":10},"end":{"line":55,"column":null}}]},"7":{"loc":{"start":{"line":51,"column":14},"end":{"line":51,"column":26}},"type":"binary-expr","locations":[{"start":{"line":51,"column":14},"end":{"line":51,"column":26}},{"start":{"line":51,"column":30},"end":{"line":51,"column":60}}]},"8":{"loc":{"start":{"line":59,"column":8},"end":{"line":62,"column":null}},"type":"if","locations":[{"start":{"line":59,"column":8},"end":{"line":62,"column":null}},{"start":{"line":59,"column":8},"end":{"line":62,"column":null}}]},"9":{"loc":{"start":{"line":61,"column":37},"end":{"line":61,"column":43}},"type":"cond-expr","locations":[{"start":{"line":61,"column":37},"end":{"line":61,"column":43}},{"start":{"line":61,"column":46},"end":{"line":61,"column":55}}]},"10":{"loc":{"start":{"line":63,"column":8},"end":{"line":69,"column":null}},"type":"if","locations":[{"start":{"line":63,"column":8},"end":{"line":69,"column":null}},{"start":{"line":63,"column":8},"end":{"line":69,"column":null}}]},"11":{"loc":{"start":{"line":68,"column":48},"end":{"line":68,"column":59}},"type":"cond-expr","locations":[{"start":{"line":68,"column":48},"end":{"line":68,"column":59}},{"start":{"line":68,"column":62},"end":{"line":68,"column":71}}]},"12":{"loc":{"start":{"line":72,"column":8},"end":{"line":74,"column":null}},"type":"if","locations":[{"start":{"line":72,"column":8},"end":{"line":74,"column":null}},{"start":{"line":72,"column":8},"end":{"line":74,"column":null}}]},"13":{"loc":{"start":{"line":75,"column":8},"end":{"line":85,"column":null}},"type":"if","locations":[{"start":{"line":75,"column":8},"end":{"line":85,"column":null}},{"start":{"line":75,"column":8},"end":{"line":85,"column":null}}]},"14":{"loc":{"start":{"line":88,"column":8},"end":{"line":94,"column":null}},"type":"if","locations":[{"start":{"line":88,"column":8},"end":{"line":94,"column":null}},{"start":{"line":88,"column":8},"end":{"line":94,"column":null}}]},"15":{"loc":{"start":{"line":90,"column":10},"end":{"line":93,"column":null}},"type":"if","locations":[{"start":{"line":90,"column":10},"end":{"line":93,"column":null}},{"start":{"line":90,"column":10},"end":{"line":93,"column":null}}]},"16":{"loc":{"start":{"line":95,"column":8},"end":{"line":101,"column":null}},"type":"if","locations":[{"start":{"line":95,"column":8},"end":{"line":101,"column":null}},{"start":{"line":95,"column":8},"end":{"line":101,"column":null}}]},"17":{"loc":{"start":{"line":95,"column":12},"end":{"line":95,"column":23}},"type":"binary-expr","locations":[{"start":{"line":95,"column":12},"end":{"line":95,"column":23}},{"start":{"line":95,"column":27},"end":{"line":95,"column":59}}]},"18":{"loc":{"start":{"line":100,"column":48},"end":{"line":100,"column":59}},"type":"cond-expr","locations":[{"start":{"line":100,"column":48},"end":{"line":100,"column":59}},{"start":{"line":100,"column":62},"end":{"line":100,"column":71}}]},"19":{"loc":{"start":{"line":104,"column":8},"end":{"line":115,"column":null}},"type":"if","locations":[{"start":{"line":104,"column":8},"end":{"line":115,"column":null}},{"start":{"line":104,"column":8},"end":{"line":115,"column":null}}]},"20":{"loc":{"start":{"line":109,"column":12},"end":{"line":112,"column":null}},"type":"if","locations":[{"start":{"line":109,"column":12},"end":{"line":112,"column":null}},{"start":{"line":109,"column":12},"end":{"line":112,"column":null}}]},"21":{"loc":{"start":{"line":118,"column":8},"end":{"line":121,"column":null}},"type":"if","locations":[{"start":{"line":118,"column":8},"end":{"line":121,"column":null}},{"start":{"line":118,"column":8},"end":{"line":121,"column":null}}]}},"s":{"0":3,"1":3,"2":0,"3":3,"4":0,"5":0,"6":0,"7":0,"8":0,"9":0,"10":3,"11":0,"12":0,"13":0,"14":0,"15":0,"16":0,"17":0,"18":0,"19":0,"20":0,"21":0,"22":0,"23":0,"24":0,"25":3,"26":0,"27":0,"28":0,"29":0,"30":0,"31":0,"32":0,"33":0,"34":0,"35":0,"36":0,"37":0,"38":0,"39":0,"40":0,"41":0,"42":0,"43":0,"44":0,"45":0,"46":0,"47":0,"48":0,"49":0,"50":0,"51":0,"52":0,"53":0,"54":0,"55":0,"56":0,"57":0,"58":0,"59":0,"60":0,"61":0,"62":0,"63":0,"64":0,"65":0,"66":0,"67":0,"68":0,"69":0,"70":0,"71":0,"72":0,"73":0,"74":0,"75":0,"76":0,"77":0,"78":0,"79":0,"80":0,"81":0,"82":3},"f":{"0":3,"1":0,"2":0,"3":0,"4":0,"5":0,"6":0,"7":0,"8":0,"9":0,"10":0,"11":0},"b":{"0":[0,0],"1":[0,0],"2":[0,0],"3":[0,0],"4":[0,0,0,0,0,0,0,0],"5":[0,0],"6":[0,0],"7":[0,0],"8":[0,0],"9":[0,0],"10":[0,0],"11":[0,0],"12":[0,0],"13":[0,0],"14":[0,0],"15":[0,0],"16":[0,0],"17":[0,0],"18":[0,0],"19":[0,0],"20":[0,0],"21":[0,0]}}
,"/Users/nishan/Desktop/nishan/experiments/usedb-mono/packages/core/src/binding/Runtime.ts": {"path":"/Users/nishan/Desktop/nishan/experiments/usedb-mono/packages/core/src/binding/Runtime.ts","statementMap":{"0":{"start":{"line":1,"column":0},"end":{"line":1,"column":52}},"1":{"start":{"line":4,"column":24},"end":{"line":4,"column":47}},"2":{"start":{"line":4,"column":37},"end":{"line":4,"column":57}},"3":{"start":{"line":6,"column":33},"end":{"line":21,"column":1}},"4":{"start":{"line":7,"column":6},"end":{"line":7,"column":null}},"5":{"start":{"line":8,"column":6},"end":{"line":8,"column":null}},"6":{"start":{"line":9,"column":6},"end":{"line":9,"column":null}},"7":{"start":{"line":15,"column":2},"end":{"line":20,"column":4}},"8":{"start":{"line":23,"column":31},"end":{"line":46,"column":1}},"9":{"start":{"line":24,"column":8},"end":{"line":24,"column":null}},"10":{"start":{"line":25,"column":6},"end":{"line":25,"column":null}},"11":{"start":{"line":26,"column":6},"end":{"line":26,"column":null}},"12":{"start":{"line":32,"column":12},"end":{"line":32,"column":24}},"13":{"start":{"line":33,"column":16},"end":{"line":33,"column":57}},"14":{"start":{"line":33,"column":38},"end":{"line":33,"column":57}},"15":{"start":{"line":34,"column":2},"end":{"line":34,"column":51}},"16":{"start":{"line":36,"column":18},"end":{"line":36,"column":43}},"17":{"start":{"line":38,"column":2},"end":{"line":45,"column":4}},"18":{"start":{"line":48,"column":0},"end":{"line":48,"column":null}},"19":{"start":{"line":49,"column":2},"end":{"line":49,"column":15}},"20":{"start":{"line":51,"column":2},"end":{"line":59,"column":null}},"21":{"start":{"line":51,"column":2},"end":{"line":51,"column":19}},"22":{"start":{"line":52,"column":4},"end":{"line":58,"column":7}},"23":{"start":{"line":52,"column":45},"end":{"line":58,"column":6}},"24":{"start":{"line":53,"column":6},"end":{"line":57,"column":null}},"25":{"start":{"line":54,"column":8},"end":{"line":54,"column":20}},"26":{"start":{"line":56,"column":8},"end":{"line":56,"column":20}},"27":{"start":{"line":60,"column":2},"end":{"line":81,"column":null}},"28":{"start":{"line":60,"column":2},"end":{"line":60,"column":9}},"29":{"start":{"line":61,"column":4},"end":{"line":63,"column":null}},"30":{"start":{"line":62,"column":6},"end":{"line":62,"column":37}},"31":{"start":{"line":66,"column":4},"end":{"line":66,"column":27}},"32":{"start":{"line":67,"column":4},"end":{"line":80,"column":7}},"33":{"start":{"line":68,"column":6},"end":{"line":79,"column":9}},"34":{"start":{"line":69,"column":8},"end":{"line":78,"column":null}},"35":{"start":{"line":70,"column":10},"end":{"line":72,"column":null}},"36":{"start":{"line":71,"column":12},"end":{"line":71,"column":36}},"37":{"start":{"line":73,"column":30},"end":{"line":73,"column":54}},"38":{"start":{"line":75,"column":10},"end":{"line":75,"column":33}},"39":{"start":{"line":77,"column":10},"end":{"line":77,"column":22}},"40":{"start":{"line":82,"column":10},"end":{"line":195,"column":null}},"41":{"start":{"line":82,"column":2},"end":{"line":82,"column":10}},"42":{"start":{"line":83,"column":47},"end":{"line":83,"column":53}},"43":{"start":{"line":85,"column":4},"end":{"line":191,"column":null}},"44":{"start":{"line":87,"column":18},"end":{"line":87,"column":59}},"45":{"start":{"line":88,"column":8},"end":{"line":88,"column":39}},"46":{"start":{"line":89,"column":8},"end":{"line":89,"column":27}},"47":{"start":{"line":90,"column":8},"end":{"line":90,"column":14}},"48":{"start":{"line":92,"column":8},"end":{"line":100,"column":null}},"49":{"start":{"line":93,"column":22},"end":{"line":93,"column":67}},"50":{"start":{"line":94,"column":10},"end":{"line":99,"column":null}},"51":{"start":{"line":95,"column":12},"end":{"line":97,"column":null}},"52":{"start":{"line":96,"column":14},"end":{"line":96,"column":78}},"53":{"start":{"line":98,"column":12},"end":{"line":98,"column":53}},"54":{"start":{"line":101,"column":8},"end":{"line":101,"column":14}},"55":{"start":{"line":103,"column":8},"end":{"line":106,"column":null}},"56":{"start":{"line":104,"column":20},"end":{"line":104,"column":62}},"57":{"start":{"line":105,"column":10},"end":{"line":105,"column":49}},"58":{"start":{"line":107,"column":8},"end":{"line":113,"column":null}},"59":{"start":{"line":108,"column":33},"end":{"line":108,"column":35}},"60":{"start":{"line":109,"column":10},"end":{"line":111,"column":13}},"61":{"start":{"line":110,"column":12},"end":{"line":110,"column":66}},"62":{"start":{"line":112,"column":10},"end":{"line":112,"column":65}},"63":{"start":{"line":114,"column":8},"end":{"line":114,"column":14}},"64":{"start":{"line":116,"column":24},"end":{"line":116,"column":26}},"65":{"start":{"line":117,"column":8},"end":{"line":121,"column":null}},"66":{"start":{"line":118,"column":10},"end":{"line":118,"column":60}},"67":{"start":{"line":120,"column":10},"end":{"line":120,"column":37}},"68":{"start":{"line":123,"column":8},"end":{"line":132,"column":null}},"69":{"start":{"line":124,"column":34},"end":{"line":124,"column":36}},"70":{"start":{"line":125,"column":10},"end":{"line":130,"column":13}},"71":{"start":{"line":126,"column":12},"end":{"line":126,"column":34}},"72":{"start":{"line":127,"column":12},"end":{"line":129,"column":15}},"73":{"start":{"line":128,"column":14},"end":{"line":128,"column":76}},"74":{"start":{"line":131,"column":10},"end":{"line":131,"column":30}},"75":{"start":{"line":134,"column":8},"end":{"line":148,"column":null}},"76":{"start":{"line":135,"column":10},"end":{"line":139,"column":13}},"77":{"start":{"line":140,"column":15},"end":{"line":148,"column":null}},"78":{"start":{"line":141,"column":10},"end":{"line":145,"column":13}},"79":{"start":{"line":147,"column":10},"end":{"line":147,"column":29}},"80":{"start":{"line":150,"column":8},"end":{"line":150,"column":14}},"81":{"start":{"line":154,"column":8},"end":{"line":160,"column":null}},"82":{"start":{"line":155,"column":22},"end":{"line":155,"column":67}},"83":{"start":{"line":156,"column":10},"end":{"line":159,"column":null}},"84":{"start":{"line":157,"column":12},"end":{"line":157,"column":53}},"85":{"start":{"line":158,"column":12},"end":{"line":158,"column":49}},"86":{"start":{"line":161,"column":8},"end":{"line":167,"column":null}},"87":{"start":{"line":162,"column":33},"end":{"line":162,"column":35}},"88":{"start":{"line":163,"column":10},"end":{"line":165,"column":13}},"89":{"start":{"line":164,"column":12},"end":{"line":164,"column":66}},"90":{"start":{"line":166,"column":10},"end":{"line":166,"column":72}},"91":{"start":{"line":168,"column":8},"end":{"line":168,"column":14}},"92":{"start":{"line":170,"column":8},"end":{"line":181,"column":null}},"93":{"start":{"line":171,"column":22},"end":{"line":171,"column":23}},"94":{"start":{"line":172,"column":31},"end":{"line":172,"column":73}},"95":{"start":{"line":173,"column":10},"end":{"line":179,"column":13}},"96":{"start":{"line":174,"column":24},"end":{"line":174,"column":59}},"97":{"start":{"line":175,"column":12},"end":{"line":178,"column":null}},"98":{"start":{"line":176,"column":14},"end":{"line":176,"column":22}},"99":{"start":{"line":177,"column":14},"end":{"line":177,"column":51}},"100":{"start":{"line":180,"column":10},"end":{"line":180,"column":30}},"101":{"start":{"line":182,"column":8},"end":{"line":182,"column":14}},"102":{"start":{"line":184,"column":8},"end":{"line":187,"column":null}},"103":{"start":{"line":185,"column":23},"end":{"line":185,"column":65}},"104":{"start":{"line":186,"column":10},"end":{"line":186,"column":38}},"105":{"start":{"line":188,"column":8},"end":{"line":188,"column":14}},"106":{"start":{"line":190,"column":8},"end":{"line":190,"column":14}},"107":{"start":{"line":193,"column":4},"end":{"line":193,"column":53}},"108":{"start":{"line":194,"column":4},"end":{"line":194,"column":23}},"109":{"start":{"line":196,"column":0},"end":{"line":196,"column":null}}},"fnMap":{"0":{"name":"(anonymous_0)","decl":{"start":{"line":4,"column":24},"end":{"line":4,"column":25}},"loc":{"start":{"line":4,"column":32},"end":{"line":4,"column":47}}},"1":{"name":"(anonymous_1)","decl":{"start":{"line":6,"column":33},"end":{"line":6,"column":34}},"loc":{"start":{"line":14,"column":1},"end":{"line":21,"column":1}}},"2":{"name":"(anonymous_2)","decl":{"start":{"line":23,"column":31},"end":{"line":23,"column":32}},"loc":{"start":{"line":31,"column":1},"end":{"line":46,"column":1}}},"3":{"name":"(anonymous_3)","decl":{"start":{"line":33,"column":33},"end":{"line":33,"column":34}},"loc":{"start":{"line":33,"column":34},"end":{"line":33,"column":39}}},"4":{"name":"(anonymous_4)","decl":{"start":{"line":48,"column":0},"end":{"line":48,"column":null}},"loc":{"start":{"line":48,"column":0},"end":{"line":196,"column":null}}},"5":{"name":"(anonymous_6)","decl":{"start":{"line":51,"column":2},"end":{"line":51,"column":19}},"loc":{"start":{"line":51,"column":2},"end":{"line":59,"column":3}}},"6":{"name":"(anonymous_7)","decl":{"start":{"line":52,"column":23},"end":{"line":52,"column":30}},"loc":{"start":{"line":52,"column":45},"end":{"line":58,"column":6}}},"7":{"name":"(anonymous_8)","decl":{"start":{"line":52,"column":45},"end":{"line":52,"column":null}},"loc":{"start":{"line":52,"column":45},"end":{"line":58,"column":6}}},"8":{"name":"(anonymous_10)","decl":{"start":{"line":60,"column":2},"end":{"line":60,"column":9}},"loc":{"start":{"line":60,"column":26},"end":{"line":81,"column":3}}},"9":{"name":"(anonymous_11)","decl":{"start":{"line":67,"column":23},"end":{"line":67,"column":24}},"loc":{"start":{"line":67,"column":39},"end":{"line":80,"column":5}}},"10":{"name":"(anonymous_12)","decl":{"start":{"line":68,"column":22},"end":{"line":68,"column":null}},"loc":{"start":{"line":68,"column":22},"end":{"line":79,"column":7}}},"11":{"name":"(anonymous_13)","decl":{"start":{"line":82,"column":2},"end":{"line":82,"column":10}},"loc":{"start":{"line":82,"column":39},"end":{"line":195,"column":3}}},"12":{"name":"(anonymous_14)","decl":{"start":{"line":109,"column":33},"end":{"line":109,"column":34}},"loc":{"start":{"line":109,"column":54},"end":{"line":111,"column":11}}},"13":{"name":"(anonymous_15)","decl":{"start":{"line":125,"column":23},"end":{"line":125,"column":24}},"loc":{"start":{"line":125,"column":51},"end":{"line":130,"column":11}}},"14":{"name":"(anonymous_16)","decl":{"start":{"line":127,"column":35},"end":{"line":127,"column":36}},"loc":{"start":{"line":127,"column":56},"end":{"line":129,"column":13}}},"15":{"name":"(anonymous_17)","decl":{"start":{"line":163,"column":33},"end":{"line":163,"column":34}},"loc":{"start":{"line":163,"column":54},"end":{"line":165,"column":11}}},"16":{"name":"(anonymous_18)","decl":{"start":{"line":173,"column":33},"end":{"line":173,"column":36}},"loc":{"start":{"line":173,"column":36},"end":{"line":179,"column":11}}}},"branchMap":{"0":{"loc":{"start":{"line":36,"column":39},"end":{"line":36,"column":41}},"type":"cond-expr","locations":[{"start":{"line":36,"column":39},"end":{"line":36,"column":41}},{"start":{"line":36,"column":39},"end":{"line":36,"column":43}}]},"1":{"loc":{"start":{"line":36,"column":18},"end":{"line":36,"column":41}},"type":"binary-expr","locations":[{"start":{"line":36,"column":18},"end":{"line":36,"column":41}},{"start":{"line":36,"column":39},"end":{"line":36,"column":41}}]},"2":{"loc":{"start":{"line":61,"column":4},"end":{"line":63,"column":null}},"type":"if","locations":[{"start":{"line":61,"column":4},"end":{"line":63,"column":null}},{"start":{"line":61,"column":4},"end":{"line":63,"column":null}}]},"3":{"loc":{"start":{"line":70,"column":10},"end":{"line":72,"column":null}},"type":"if","locations":[{"start":{"line":70,"column":10},"end":{"line":72,"column":null}},{"start":{"line":70,"column":10},"end":{"line":72,"column":null}}]},"4":{"loc":{"start":{"line":86,"column":6},"end":{"line":90,"column":14}},"type":"switch","locations":[{"start":{"line":86,"column":6},"end":{"line":90,"column":14}},{"start":{"line":91,"column":6},"end":{"line":101,"column":14}},{"start":{"line":102,"column":6},"end":{"line":114,"column":14}},{"start":{"line":115,"column":6},"end":{"line":151,"column":null}},{"start":{"line":153,"column":6},"end":{"line":168,"column":14}},{"start":{"line":169,"column":6},"end":{"line":182,"column":14}},{"start":{"line":183,"column":6},"end":{"line":188,"column":14}},{"start":{"line":189,"column":6},"end":{"line":190,"column":14}}]},"5":{"loc":{"start":{"line":92,"column":8},"end":{"line":100,"column":null}},"type":"if","locations":[{"start":{"line":92,"column":8},"end":{"line":100,"column":null}},{"start":{"line":92,"column":8},"end":{"line":100,"column":null}}]},"6":{"loc":{"start":{"line":94,"column":10},"end":{"line":99,"column":null}},"type":"if","locations":[{"start":{"line":94,"column":10},"end":{"line":99,"column":null}},{"start":{"line":94,"column":10},"end":{"line":99,"column":null}}]},"7":{"loc":{"start":{"line":94,"column":14},"end":{"line":94,"column":26}},"type":"binary-expr","locations":[{"start":{"line":94,"column":14},"end":{"line":94,"column":26}},{"start":{"line":94,"column":30},"end":{"line":94,"column":60}}]},"8":{"loc":{"start":{"line":103,"column":8},"end":{"line":106,"column":null}},"type":"if","locations":[{"start":{"line":103,"column":8},"end":{"line":106,"column":null}},{"start":{"line":103,"column":8},"end":{"line":106,"column":null}}]},"9":{"loc":{"start":{"line":105,"column":37},"end":{"line":105,"column":43}},"type":"cond-expr","locations":[{"start":{"line":105,"column":37},"end":{"line":105,"column":43}},{"start":{"line":105,"column":46},"end":{"line":105,"column":48}}]},"10":{"loc":{"start":{"line":107,"column":8},"end":{"line":113,"column":null}},"type":"if","locations":[{"start":{"line":107,"column":8},"end":{"line":113,"column":null}},{"start":{"line":107,"column":8},"end":{"line":113,"column":null}}]},"11":{"loc":{"start":{"line":112,"column":48},"end":{"line":112,"column":59}},"type":"cond-expr","locations":[{"start":{"line":112,"column":48},"end":{"line":112,"column":59}},{"start":{"line":112,"column":62},"end":{"line":112,"column":64}}]},"12":{"loc":{"start":{"line":117,"column":8},"end":{"line":121,"column":null}},"type":"if","locations":[{"start":{"line":117,"column":8},"end":{"line":121,"column":null}},{"start":{"line":117,"column":8},"end":{"line":121,"column":null}}]},"13":{"loc":{"start":{"line":123,"column":8},"end":{"line":132,"column":null}},"type":"if","locations":[{"start":{"line":123,"column":8},"end":{"line":132,"column":null}},{"start":{"line":123,"column":8},"end":{"line":132,"column":null}}]},"14":{"loc":{"start":{"line":134,"column":8},"end":{"line":148,"column":null}},"type":"if","locations":[{"start":{"line":134,"column":8},"end":{"line":148,"column":null}},{"start":{"line":134,"column":8},"end":{"line":148,"column":null}}]},"15":{"loc":{"start":{"line":140,"column":15},"end":{"line":148,"column":null}},"type":"if","locations":[{"start":{"line":140,"column":15},"end":{"line":148,"column":null}},{"start":{"line":140,"column":15},"end":{"line":148,"column":null}}]},"16":{"loc":{"start":{"line":154,"column":8},"end":{"line":160,"column":null}},"type":"if","locations":[{"start":{"line":154,"column":8},"end":{"line":160,"column":null}},{"start":{"line":154,"column":8},"end":{"line":160,"column":null}}]},"17":{"loc":{"start":{"line":156,"column":10},"end":{"line":159,"column":null}},"type":"if","locations":[{"start":{"line":156,"column":10},"end":{"line":159,"column":null}},{"start":{"line":156,"column":10},"end":{"line":159,"column":null}}]},"18":{"loc":{"start":{"line":161,"column":8},"end":{"line":167,"column":null}},"type":"if","locations":[{"start":{"line":161,"column":8},"end":{"line":167,"column":null}},{"start":{"line":161,"column":8},"end":{"line":167,"column":null}}]},"19":{"loc":{"start":{"line":161,"column":12},"end":{"line":161,"column":23}},"type":"binary-expr","locations":[{"start":{"line":161,"column":12},"end":{"line":161,"column":23}},{"start":{"line":161,"column":27},"end":{"line":161,"column":59}}]},"20":{"loc":{"start":{"line":166,"column":48},"end":{"line":166,"column":59}},"type":"cond-expr","locations":[{"start":{"line":166,"column":48},"end":{"line":166,"column":59}},{"start":{"line":166,"column":62},"end":{"line":166,"column":71}}]},"21":{"loc":{"start":{"line":170,"column":8},"end":{"line":181,"column":null}},"type":"if","locations":[{"start":{"line":170,"column":8},"end":{"line":181,"column":null}},{"start":{"line":170,"column":8},"end":{"line":181,"column":null}}]},"22":{"loc":{"start":{"line":175,"column":12},"end":{"line":178,"column":null}},"type":"if","locations":[{"start":{"line":175,"column":12},"end":{"line":178,"column":null}},{"start":{"line":175,"column":12},"end":{"line":178,"column":null}}]},"23":{"loc":{"start":{"line":184,"column":8},"end":{"line":187,"column":null}},"type":"if","locations":[{"start":{"line":184,"column":8},"end":{"line":187,"column":null}},{"start":{"line":184,"column":8},"end":{"line":187,"column":null}}]}},"s":{"0":3,"1":3,"2":0,"3":3,"4":0,"5":0,"6":0,"7":0,"8":3,"9":0,"10":0,"11":0,"12":0,"13":0,"14":0,"15":0,"16":0,"17":0,"18":3,"19":0,"20":3,"21":0,"22":0,"23":0,"24":0,"25":0,"26":0,"27":3,"28":0,"29":0,"30":0,"31":0,"32":0,"33":0,"34":0,"35":0,"36":0,"37":0,"38":0,"39":0,"40":3,"41":0,"42":0,"43":0,"44":0,"45":0,"46":0,"47":0,"48":0,"49":0,"50":0,"51":0,"52":0,"53":0,"54":0,"55":0,"56":0,"57":0,"58":0,"59":0,"60":0,"61":0,"62":0,"63":0,"64":0,"65":0,"66":0,"67":0,"68":0,"69":0,"70":0,"71":0,"72":0,"73":0,"74":0,"75":0,"76":0,"77":0,"78":0,"79":0,"80":0,"81":0,"82":0,"83":0,"84":0,"85":0,"86":0,"87":0,"88":0,"89":0,"90":0,"91":0,"92":0,"93":0,"94":0,"95":0,"96":0,"97":0,"98":0,"99":0,"100":0,"101":0,"102":0,"103":0,"104":0,"105":0,"106":0,"107":0,"108":0,"109":3},"f":{"0":0,"1":0,"2":0,"3":0,"4":3,"5":0,"6":0,"7":0,"8":0,"9":0,"10":0,"11":0,"12":0,"13":0,"14":0,"15":0,"16":0},"b":{"0":[0,0],"1":[0,0],"2":[0,0],"3":[0,0],"4":[0,0,0,0,0,0,0,0],"5":[0,0],"6":[0,0],"7":[0,0],"8":[0,0],"9":[0,0],"10":[0,0],"11":[0,0],"12":[0,0],"13":[0,0],"14":[0,0],"15":[0,0],"16":[0,0],"17":[0,0],"18":[0,0],"19":[0,0],"20":[0,0],"21":[0,0],"22":[0,0],"23":[0,0]}}
,"/Users/nishan/Desktop/nishan/experiments/usedb-mono/packages/core/src/binding/index.ts": {"path":"/Users/nishan/Desktop/nishan/experiments/usedb-mono/packages/core/src/binding/index.ts","statementMap":{"0":{"start":{"line":7,"column":0},"end":{"line":7,"column":9}},"1":{"start":{"line":7,"column":9},"end":{"line":7,"column":34}},"2":{"start":{"line":8,"column":0},"end":{"line":8,"column":9}},"3":{"start":{"line":8,"column":9},"end":{"line":8,"column":39}},"4":{"start":{"line":9,"column":0},"end":{"line":9,"column":9}},"5":{"start":{"line":9,"column":9},"end":{"line":9,"column":39}}},"fnMap":{"0":{"name":"(anonymous_0)","decl":{"start":{"line":7,"column":9},"end":{"line":7,"column":16}},"loc":{"start":{"line":7,"column":9},"end":{"line":7,"column":34}}},"1":{"name":"(anonymous_1)","decl":{"start":{"line":8,"column":9},"end":{"line":8,"column":16}},"loc":{"start":{"line":8,"column":9},"end":{"line":8,"column":39}}},"2":{"name":"(anonymous_2)","decl":{"start":{"line":9,"column":9},"end":{"line":9,"column":16}},"loc":{"start":{"line":9,"column":9},"end":{"line":9,"column":39}}}},"branchMap":{},"s":{"0":3,"1":3,"2":3,"3":3,"4":3,"5":3},"f":{"0":0,"1":0,"2":0},"b":{}}
,"/Users/nishan/Desktop/nishan/experiments/usedb-mono/packages/core/src/cache/deflateHelper.ts": {"path":"/Users/nishan/Desktop/nishan/experiments/usedb-mono/packages/core/src/cache/deflateHelper.ts","statementMap":{"0":{"start":{"line":1,"column":0},"end":{"line":1,"column":52}},"1":{"start":{"line":5,"column":4},"end":{"line":5,"column":55}},"2":{"start":{"line":5,"column":43},"end":{"line":5,"column":55}},"3":{"start":{"line":6,"column":4},"end":{"line":6,"column":52}},"4":{"start":{"line":6,"column":29},"end":{"line":6,"column":52}},"5":{"start":{"line":8,"column":31},"end":{"line":8,"column":36}},"6":{"start":{"line":11,"column":26},"end":{"line":11,"column":28}},"7":{"start":{"line":12,"column":4},"end":{"line":14,"column":null}},"8":{"start":{"line":13,"column":6},"end":{"line":13,"column":39}},"9":{"start":{"line":17,"column":4},"end":{"line":34,"column":null}},"10":{"start":{"line":18,"column":22},"end":{"line":18,"column":50}},"11":{"start":{"line":19,"column":21},"end":{"line":19,"column":78}},"12":{"start":{"line":20,"column":6},"end":{"line":30,"column":null}},"13":{"start":{"line":22,"column":8},"end":{"line":22,"column":42}},"14":{"start":{"line":24,"column":8},"end":{"line":24,"column":44}},"15":{"start":{"line":25,"column":8},"end":{"line":29,"column":null}},"16":{"start":{"line":26,"column":10},"end":{"line":26,"column":46}},"17":{"start":{"line":28,"column":10},"end":{"line":28,"column":47}},"18":{"start":{"line":31,"column":6},"end":{"line":31,"column":22}},"19":{"start":{"line":33,"column":6},"end":{"line":33,"column":22}},"20":{"start":{"line":37,"column":2},"end":{"line":37,"column":21}},"21":{"start":{"line":3,"column":0},"end":{"line":3,"column":16}},"22":{"start":{"line":42,"column":4},"end":{"line":42,"column":55}},"23":{"start":{"line":42,"column":43},"end":{"line":42,"column":55}},"24":{"start":{"line":43,"column":4},"end":{"line":43,"column":52}},"25":{"start":{"line":43,"column":29},"end":{"line":43,"column":52}},"26":{"start":{"line":45,"column":31},"end":{"line":45,"column":36}},"27":{"start":{"line":48,"column":26},"end":{"line":48,"column":28}},"28":{"start":{"line":49,"column":4},"end":{"line":51,"column":null}},"29":{"start":{"line":50,"column":6},"end":{"line":50,"column":39}},"30":{"start":{"line":54,"column":4},"end":{"line":61,"column":null}},"31":{"start":{"line":55,"column":22},"end":{"line":55,"column":50}},"32":{"start":{"line":56,"column":21},"end":{"line":56,"column":78}},"33":{"start":{"line":58,"column":6},"end":{"line":58,"column":22}},"34":{"start":{"line":60,"column":6},"end":{"line":60,"column":22}},"35":{"start":{"line":64,"column":2},"end":{"line":64,"column":21}},"36":{"start":{"line":40,"column":0},"end":{"line":40,"column":16}},"37":{"start":{"line":69,"column":4},"end":{"line":69,"column":55}},"38":{"start":{"line":69,"column":43},"end":{"line":69,"column":55}},"39":{"start":{"line":70,"column":4},"end":{"line":70,"column":54}},"40":{"start":{"line":70,"column":29},"end":{"line":70,"column":54}},"41":{"start":{"line":72,"column":31},"end":{"line":72,"column":36}},"42":{"start":{"line":74,"column":4},"end":{"line":84,"column":null}},"43":{"start":{"line":76,"column":6},"end":{"line":76,"column":32}},"44":{"start":{"line":79,"column":28},"end":{"line":79,"column":30}},"45":{"start":{"line":80,"column":6},"end":{"line":82,"column":null}},"46":{"start":{"line":81,"column":8},"end":{"line":81,"column":43}},"47":{"start":{"line":83,"column":6},"end":{"line":83,"column":22}},"48":{"start":{"line":87,"column":2},"end":{"line":87,"column":23}},"49":{"start":{"line":67,"column":0},"end":{"line":67,"column":16}}},"fnMap":{"0":{"name":"mergeHelper","decl":{"start":{"line":3,"column":16},"end":{"line":3,"column":27}},"loc":{"start":{"line":3,"column":49},"end":{"line":38,"column":1}}},"1":{"name":"merge","decl":{"start":{"line":4,"column":11},"end":{"line":4,"column":16}},"loc":{"start":{"line":4,"column":26},"end":{"line":35,"column":3}}},"2":{"name":"denormalizeHelper","decl":{"start":{"line":40,"column":16},"end":{"line":40,"column":33}},"loc":{"start":{"line":40,"column":55},"end":{"line":65,"column":1}}},"3":{"name":"merge","decl":{"start":{"line":41,"column":11},"end":{"line":41,"column":16}},"loc":{"start":{"line":41,"column":26},"end":{"line":62,"column":3}}},"4":{"name":"deflateHelper","decl":{"start":{"line":67,"column":16},"end":{"line":67,"column":29}},"loc":{"start":{"line":67,"column":51},"end":{"line":88,"column":1}}},"5":{"name":"deflate","decl":{"start":{"line":68,"column":11},"end":{"line":68,"column":18}},"loc":{"start":{"line":68,"column":28},"end":{"line":85,"column":3}}}},"branchMap":{"0":{"loc":{"start":{"line":5,"column":4},"end":{"line":5,"column":55}},"type":"if","locations":[{"start":{"line":5,"column":4},"end":{"line":5,"column":55}},{"start":{"line":5,"column":4},"end":{"line":5,"column":55}}]},"1":{"loc":{"start":{"line":5,"column":8},"end":{"line":5,"column":13}},"type":"binary-expr","locations":[{"start":{"line":5,"column":8},"end":{"line":5,"column":13}},{"start":{"line":5,"column":17},"end":{"line":5,"column":41}}]},"2":{"loc":{"start":{"line":6,"column":4},"end":{"line":6,"column":52}},"type":"if","locations":[{"start":{"line":6,"column":4},"end":{"line":6,"column":52}},{"start":{"line":6,"column":4},"end":{"line":6,"column":52}}]},"3":{"loc":{"start":{"line":17,"column":4},"end":{"line":34,"column":null}},"type":"if","locations":[{"start":{"line":17,"column":4},"end":{"line":34,"column":null}},{"start":{"line":17,"column":4},"end":{"line":34,"column":null}}]},"4":{"loc":{"start":{"line":19,"column":21},"end":{"line":19,"column":37}},"type":"binary-expr","locations":[{"start":{"line":19,"column":21},"end":{"line":19,"column":37}},{"start":{"line":19,"column":41},"end":{"line":19,"column":78}}]},"5":{"loc":{"start":{"line":20,"column":6},"end":{"line":30,"column":null}},"type":"if","locations":[{"start":{"line":20,"column":6},"end":{"line":30,"column":null}},{"start":{"line":20,"column":6},"end":{"line":30,"column":null}}]},"6":{"loc":{"start":{"line":25,"column":8},"end":{"line":29,"column":null}},"type":"if","locations":[{"start":{"line":25,"column":8},"end":{"line":29,"column":null}},{"start":{"line":25,"column":8},"end":{"line":29,"column":null}}]},"7":{"loc":{"start":{"line":42,"column":4},"end":{"line":42,"column":55}},"type":"if","locations":[{"start":{"line":42,"column":4},"end":{"line":42,"column":55}},{"start":{"line":42,"column":4},"end":{"line":42,"column":55}}]},"8":{"loc":{"start":{"line":42,"column":8},"end":{"line":42,"column":13}},"type":"binary-expr","locations":[{"start":{"line":42,"column":8},"end":{"line":42,"column":13}},{"start":{"line":42,"column":17},"end":{"line":42,"column":41}}]},"9":{"loc":{"start":{"line":43,"column":4},"end":{"line":43,"column":52}},"type":"if","locations":[{"start":{"line":43,"column":4},"end":{"line":43,"column":52}},{"start":{"line":43,"column":4},"end":{"line":43,"column":52}}]},"10":{"loc":{"start":{"line":54,"column":4},"end":{"line":61,"column":null}},"type":"if","locations":[{"start":{"line":54,"column":4},"end":{"line":61,"column":null}},{"start":{"line":54,"column":4},"end":{"line":61,"column":null}}]},"11":{"loc":{"start":{"line":56,"column":21},"end":{"line":56,"column":37}},"type":"binary-expr","locations":[{"start":{"line":56,"column":21},"end":{"line":56,"column":37}},{"start":{"line":56,"column":41},"end":{"line":56,"column":78}}]},"12":{"loc":{"start":{"line":69,"column":4},"end":{"line":69,"column":55}},"type":"if","locations":[{"start":{"line":69,"column":4},"end":{"line":69,"column":55}},{"start":{"line":69,"column":4},"end":{"line":69,"column":55}}]},"13":{"loc":{"start":{"line":69,"column":8},"end":{"line":69,"column":13}},"type":"binary-expr","locations":[{"start":{"line":69,"column":8},"end":{"line":69,"column":13}},{"start":{"line":69,"column":17},"end":{"line":69,"column":41}}]},"14":{"loc":{"start":{"line":70,"column":4},"end":{"line":70,"column":54}},"type":"if","locations":[{"start":{"line":70,"column":4},"end":{"line":70,"column":54}},{"start":{"line":70,"column":4},"end":{"line":70,"column":54}}]},"15":{"loc":{"start":{"line":74,"column":4},"end":{"line":84,"column":null}},"type":"if","locations":[{"start":{"line":74,"column":4},"end":{"line":84,"column":null}},{"start":{"line":74,"column":4},"end":{"line":84,"column":null}}]},"16":{"loc":{"start":{"line":74,"column":8},"end":{"line":74,"column":18}},"type":"binary-expr","locations":[{"start":{"line":74,"column":8},"end":{"line":74,"column":18}},{"start":{"line":74,"column":22},"end":{"line":74,"column":50}}]}},"s":{"0":4,"1":23,"2":18,"3":5,"4":0,"5":10,"6":5,"7":5,"8":20,"9":5,"10":5,"11":5,"12":5,"13":1,"14":4,"15":4,"16":4,"17":4,"18":5,"19":0,"20":3,"21":4,"22":0,"23":0,"24":0,"25":0,"26":0,"27":0,"28":0,"29":0,"30":0,"31":0,"32":0,"33":0,"34":0,"35":0,"36":4,"37":1,"38":0,"39":1,"40":0,"41":2,"42":1,"43":1,"44":0,"45":0,"46":0,"47":0,"48":1,"49":4},"f":{"0":3,"1":23,"2":0,"3":0,"4":1,"5":1},"b":{"0":[18,5],"1":[23,21],"2":[0,5],"3":[5,0],"4":[5,5],"5":[1,4],"6":[4,0],"7":[0,0],"8":[0,0],"9":[0,0],"10":[0,0],"11":[0,0],"12":[0,1],"13":[1,1],"14":[0,1],"15":[1,0],"16":[1,1]}}
,"/Users/nishan/Desktop/nishan/experiments/usedb-mono/packages/core/src/cache/experimental-mst-views.ts": {"path":"/Users/nishan/Desktop/nishan/experiments/usedb-mono/packages/core/src/cache/experimental-mst-views.ts","statementMap":{"0":{"start":{"line":1,"column":0},"end":{"line":1,"column":47}},"1":{"start":{"line":11,"column":13},"end":{"line":67,"column":2}},"2":{"start":{"line":12,"column":18},"end":{"line":16,"column":3}},"3":{"start":{"line":13,"column":15},"end":{"line":13,"column":52}},"4":{"start":{"line":15,"column":4},"end":{"line":15,"column":16}},"5":{"start":{"line":18,"column":2},"end":{"line":66,"column":4}},"6":{"start":{"line":21,"column":6},"end":{"line":24,"column":null}},"7":{"start":{"line":22,"column":18},"end":{"line":22,"column":60}},"8":{"start":{"line":23,"column":8},"end":{"line":23,"column":54}},"9":{"start":{"line":25,"column":6},"end":{"line":29,"column":null}},"10":{"start":{"line":27,"column":26},"end":{"line":27,"column":59}},"11":{"start":{"line":28,"column":8},"end":{"line":28,"column":70}},"12":{"start":{"line":31,"column":6},"end":{"line":31,"column":25}},"13":{"start":{"line":38,"column":29},"end":{"line":38,"column":31}},"14":{"start":{"line":40,"column":6},"end":{"line":42,"column":null}},"15":{"start":{"line":41,"column":8},"end":{"line":41,"column":65}},"16":{"start":{"line":44,"column":6},"end":{"line":52,"column":null}},"17":{"start":{"line":45,"column":32},"end":{"line":45,"column":34}},"18":{"start":{"line":46,"column":8},"end":{"line":50,"column":11}},"19":{"start":{"line":48,"column":21},"end":{"line":48,"column":49}},"20":{"start":{"line":49,"column":10},"end":{"line":49,"column":34}},"21":{"start":{"line":51,"column":8},"end":{"line":51,"column":35}},"22":{"start":{"line":54,"column":6},"end":{"line":54,"column":25}},"23":{"start":{"line":58,"column":29},"end":{"line":58,"column":30}},"24":{"start":{"line":59,"column":6},"end":{"line":62,"column":null}},"25":{"start":{"line":60,"column":29},"end":{"line":60,"column":77}},"26":{"start":{"line":61,"column":8},"end":{"line":61,"column":44}},"27":{"start":{"line":64,"column":6},"end":{"line":64,"column":25}}},"fnMap":{"0":{"name":"(anonymous_0)","decl":{"start":{"line":11,"column":35},"end":{"line":11,"column":36}},"loc":{"start":{"line":11,"column":45},"end":{"line":67,"column":1}}},"1":{"name":"(anonymous_1)","decl":{"start":{"line":12,"column":18},"end":{"line":12,"column":19}},"loc":{"start":{"line":12,"column":45},"end":{"line":16,"column":3}}},"2":{"name":"(anonymous_2)","decl":{"start":{"line":19,"column":13},"end":{"line":19,"column":14}},"loc":{"start":{"line":19,"column":63},"end":{"line":32,"column":5}}},"3":{"name":"(anonymous_3)","decl":{"start":{"line":34,"column":14},"end":{"line":34,"column":null}},"loc":{"start":{"line":36,"column":27},"end":{"line":55,"column":5}}},"4":{"name":"(anonymous_4)","decl":{"start":{"line":46,"column":28},"end":{"line":46,"column":29}},"loc":{"start":{"line":46,"column":40},"end":{"line":50,"column":9}}},"5":{"name":"(anonymous_5)","decl":{"start":{"line":57,"column":11},"end":{"line":57,"column":12}},"loc":{"start":{"line":57,"column":61},"end":{"line":65,"column":5}}}},"branchMap":{"0":{"loc":{"start":{"line":21,"column":6},"end":{"line":24,"column":null}},"type":"if","locations":[{"start":{"line":21,"column":6},"end":{"line":24,"column":null}},{"start":{"line":21,"column":6},"end":{"line":24,"column":null}}]},"1":{"loc":{"start":{"line":23,"column":35},"end":{"line":23,"column":41}},"type":"cond-expr","locations":[{"start":{"line":23,"column":35},"end":{"line":23,"column":41}},{"start":{"line":23,"column":44},"end":{"line":23,"column":53}}]},"2":{"loc":{"start":{"line":25,"column":6},"end":{"line":29,"column":null}},"type":"if","locations":[{"start":{"line":25,"column":6},"end":{"line":29,"column":null}},{"start":{"line":25,"column":6},"end":{"line":29,"column":null}}]},"3":{"loc":{"start":{"line":28,"column":46},"end":{"line":28,"column":57}},"type":"cond-expr","locations":[{"start":{"line":28,"column":46},"end":{"line":28,"column":57}},{"start":{"line":28,"column":60},"end":{"line":28,"column":69}}]},"4":{"loc":{"start":{"line":40,"column":6},"end":{"line":42,"column":null}},"type":"if","locations":[{"start":{"line":40,"column":6},"end":{"line":42,"column":null}},{"start":{"line":40,"column":6},"end":{"line":42,"column":null}}]},"5":{"loc":{"start":{"line":44,"column":6},"end":{"line":52,"column":null}},"type":"if","locations":[{"start":{"line":44,"column":6},"end":{"line":52,"column":null}},{"start":{"line":44,"column":6},"end":{"line":52,"column":null}}]},"6":{"loc":{"start":{"line":59,"column":6},"end":{"line":62,"column":null}},"type":"if","locations":[{"start":{"line":59,"column":6},"end":{"line":62,"column":null}},{"start":{"line":59,"column":6},"end":{"line":62,"column":null}}]}},"s":{"0":0,"1":0,"2":0,"3":0,"4":0,"5":0,"6":0,"7":0,"8":0,"9":0,"10":0,"11":0,"12":0,"13":0,"14":0,"15":0,"16":0,"17":0,"18":0,"19":0,"20":0,"21":0,"22":0,"23":0,"24":0,"25":0,"26":0,"27":0},"f":{"0":0,"1":0,"2":0,"3":0,"4":0,"5":0},"b":{"0":[0,0],"1":[0,0],"2":[0,0],"3":[0,0],"4":[0,0],"5":[0,0],"6":[0,0]}}
,"/Users/nishan/Desktop/nishan/experiments/usedb-mono/packages/core/src/cache/index.ts": {"path":"/Users/nishan/Desktop/nishan/experiments/usedb-mono/packages/core/src/cache/index.ts","statementMap":{"0":{"start":{"line":2,"column":0},"end":{"line":2,"column":13}},"1":{"start":{"line":5,"column":4},"end":{"line":5,"column":26}},"2":{"start":{"line":7,"column":2},"end":{"line":9,"column":null}},"3":{"start":{"line":8,"column":4},"end":{"line":8,"column":56}},"4":{"start":{"line":10,"column":2},"end":{"line":12,"column":null}},"5":{"start":{"line":11,"column":4},"end":{"line":11,"column":41}},"6":{"start":{"line":13,"column":2},"end":{"line":15,"column":null}},"7":{"start":{"line":14,"column":4},"end":{"line":14,"column":40}},"8":{"start":{"line":16,"column":2},"end":{"line":18,"column":null}},"9":{"start":{"line":17,"column":4},"end":{"line":17,"column":37}},"10":{"start":{"line":19,"column":2},"end":{"line":21,"column":null}},"11":{"start":{"line":20,"column":4},"end":{"line":20,"column":26}},"12":{"start":{"line":22,"column":0},"end":{"line":22,"column":null}},"13":{"start":{"line":2,"column":13},"end":{"line":2,"column":18}},"14":{"start":{"line":24,"column":0},"end":{"line":24,"column":28}},"15":{"start":{"line":25,"column":0},"end":{"line":25,"column":36}}},"fnMap":{"0":{"name":"(anonymous_0)","decl":{"start":{"line":2,"column":0},"end":{"line":2,"column":13}},"loc":{"start":{"line":2,"column":0},"end":{"line":22,"column":null}}},"1":{"name":"Cache","decl":{"start":{"line":4,"column":2},"end":{"line":4,"column":null}},"loc":{"start":{"line":4,"column":2},"end":{"line":6,"column":3}}},"2":{"name":"(anonymous_2)","decl":{"start":{"line":7,"column":2},"end":{"line":7,"column":5}},"loc":{"start":{"line":7,"column":22},"end":{"line":9,"column":3}}},"3":{"name":"(anonymous_3)","decl":{"start":{"line":10,"column":2},"end":{"line":10,"column":5}},"loc":{"start":{"line":10,"column":22},"end":{"line":12,"column":3}}},"4":{"name":"(anonymous_4)","decl":{"start":{"line":13,"column":2},"end":{"line":13,"column":5}},"loc":{"start":{"line":13,"column":33},"end":{"line":15,"column":3}}},"5":{"name":"(anonymous_5)","decl":{"start":{"line":16,"column":2},"end":{"line":16,"column":8}},"loc":{"start":{"line":16,"column":25},"end":{"line":18,"column":3}}},"6":{"name":"(anonymous_6)","decl":{"start":{"line":19,"column":2},"end":{"line":19,"column":7}},"loc":{"start":{"line":19,"column":2},"end":{"line":21,"column":3}}}},"branchMap":{"0":{"loc":{"start":{"line":8,"column":43},"end":{"line":8,"column":47}},"type":"cond-expr","locations":[{"start":{"line":8,"column":43},"end":{"line":8,"column":47}},{"start":{"line":8,"column":50},"end":{"line":8,"column":55}}]}},"s":{"0":4,"1":0,"2":4,"3":0,"4":4,"5":0,"6":4,"7":0,"8":4,"9":0,"10":4,"11":0,"12":4,"13":4,"14":4,"15":4},"f":{"0":4,"1":0,"2":0,"3":0,"4":0,"5":0,"6":0},"b":{"0":[0,0]}}
,"/Users/nishan/Desktop/nishan/experiments/usedb-mono/packages/core/src/cache/mst-cache.ts": {"path":"/Users/nishan/Desktop/nishan/experiments/usedb-mono/packages/core/src/cache/mst-cache.ts","statementMap":{"0":{"start":{"line":1,"column":0},"end":{"line":1,"column":null}},"1":{"start":{"line":10,"column":0},"end":{"line":10,"column":80}},"2":{"start":{"line":12,"column":25},"end":{"line":12,"column":37}},"3":{"start":{"line":13,"column":16},"end":{"line":13,"column":26}},"4":{"start":{"line":15,"column":19},"end":{"line":59,"column":4}},"5":{"start":{"line":22,"column":4},"end":{"line":24,"column":6}},"6":{"start":{"line":27,"column":4},"end":{"line":31,"column":6}},"7":{"start":{"line":29,"column":8},"end":{"line":29,"column":45}},"8":{"start":{"line":34,"column":4},"end":{"line":58,"column":6}},"9":{"start":{"line":36,"column":8},"end":{"line":36,"column":47}},"10":{"start":{"line":37,"column":26},"end":{"line":37,"column":36}},"11":{"start":{"line":37,"column":32},"end":{"line":37,"column":65}},"12":{"start":{"line":38,"column":8},"end":{"line":38,"column":43}},"13":{"start":{"line":41,"column":8},"end":{"line":41,"column":50}},"14":{"start":{"line":44,"column":8},"end":{"line":44,"column":39}},"15":{"start":{"line":47,"column":8},"end":{"line":47,"column":41}},"16":{"start":{"line":50,"column":8},"end":{"line":50,"column":58}},"17":{"start":{"line":53,"column":8},"end":{"line":53,"column":58}},"18":{"start":{"line":56,"column":8},"end":{"line":56,"column":19}},"19":{"start":{"line":66,"column":20},"end":{"line":115,"column":1}},"20":{"start":{"line":66,"column":29},"end":{"line":66,"column":31}},"21":{"start":{"line":66,"column":38},"end":{"line":66,"column":60}},"22":{"start":{"line":69,"column":6},"end":{"line":69,"column":8}},"23":{"start":{"line":71,"column":2},"end":{"line":74,"column":5}},"24":{"start":{"line":72,"column":4},"end":{"line":72,"column":27}},"25":{"start":{"line":73,"column":4},"end":{"line":73,"column":71}},"26":{"start":{"line":76,"column":21},"end":{"line":112,"column":6}},"27":{"start":{"line":80,"column":6},"end":{"line":83,"column":8}},"28":{"start":{"line":86,"column":6},"end":{"line":111,"column":8}},"29":{"start":{"line":88,"column":10},"end":{"line":88,"column":39}},"30":{"start":{"line":91,"column":10},"end":{"line":91,"column":49}},"31":{"start":{"line":91,"column":37},"end":{"line":91,"column":49}},"32":{"start":{"line":92,"column":10},"end":{"line":92,"column":23}},"33":{"start":{"line":95,"column":24},"end":{"line":95,"column":41}},"34":{"start":{"line":96,"column":38},"end":{"line":96,"column":63}},"35":{"start":{"line":97,"column":10},"end":{"line":109,"column":null}},"36":{"start":{"line":98,"column":29},"end":{"line":98,"column":70}},"37":{"start":{"line":99,"column":12},"end":{"line":106,"column":null}},"38":{"start":{"line":100,"column":14},"end":{"line":103,"column":17}},"39":{"start":{"line":105,"column":14},"end":{"line":105,"column":62}},"40":{"start":{"line":108,"column":12},"end":{"line":108,"column":65}},"41":{"start":{"line":114,"column":2},"end":{"line":114,"column":20}},"42":{"start":{"line":117,"column":9},"end":{"line":117,"column":20}},"43":{"start":{"line":121,"column":13},"end":{"line":125,"column":5}},"44":{"start":{"line":122,"column":2},"end":{"line":125,"column":5}}},"fnMap":{"0":{"name":"(anonymous_0)","decl":{"start":{"line":19,"column":12},"end":{"line":19,"column":null}},"loc":{"start":{"line":19,"column":12},"end":{"line":25,"column":3}}},"1":{"name":"(anonymous_1)","decl":{"start":{"line":26,"column":9},"end":{"line":26,"column":13}},"loc":{"start":{"line":26,"column":13},"end":{"line":32,"column":3}}},"2":{"name":"(anonymous_2)","decl":{"start":{"line":28,"column":6},"end":{"line":28,"column":17}},"loc":{"start":{"line":28,"column":31},"end":{"line":30,"column":7}}},"3":{"name":"(anonymous_3)","decl":{"start":{"line":33,"column":11},"end":{"line":33,"column":15}},"loc":{"start":{"line":33,"column":15},"end":{"line":59,"column":3}}},"4":{"name":"(anonymous_4)","decl":{"start":{"line":35,"column":6},"end":{"line":35,"column":19}},"loc":{"start":{"line":35,"column":58},"end":{"line":39,"column":7}}},"5":{"name":"(anonymous_5)","decl":{"start":{"line":37,"column":26},"end":{"line":37,"column":32}},"loc":{"start":{"line":37,"column":26},"end":{"line":37,"column":36}}},"6":{"name":"(anonymous_6)","decl":{"start":{"line":40,"column":6},"end":{"line":40,"column":21}},"loc":{"start":{"line":40,"column":52},"end":{"line":42,"column":7}}},"7":{"name":"(anonymous_7)","decl":{"start":{"line":43,"column":6},"end":{"line":43,"column":11}},"loc":{"start":{"line":43,"column":25},"end":{"line":45,"column":7}}},"8":{"name":"(anonymous_8)","decl":{"start":{"line":46,"column":6},"end":{"line":46,"column":13}},"loc":{"start":{"line":46,"column":27},"end":{"line":48,"column":7}}},"9":{"name":"(anonymous_9)","decl":{"start":{"line":49,"column":6},"end":{"line":49,"column":9}},"loc":{"start":{"line":49,"column":26},"end":{"line":51,"column":7}}},"10":{"name":"(anonymous_10)","decl":{"start":{"line":52,"column":6},"end":{"line":52,"column":9}},"loc":{"start":{"line":52,"column":26},"end":{"line":54,"column":7}}},"11":{"name":"(anonymous_11)","decl":{"start":{"line":55,"column":6},"end":{"line":55,"column":17}},"loc":{"start":{"line":55,"column":31},"end":{"line":57,"column":7}}},"12":{"name":"(anonymous_12)","decl":{"start":{"line":66,"column":20},"end":{"line":66,"column":21}},"loc":{"start":{"line":66,"column":60},"end":{"line":115,"column":1}}},"13":{"name":"(anonymous_13)","decl":{"start":{"line":71,"column":30},"end":{"line":71,"column":33}},"loc":{"start":{"line":71,"column":33},"end":{"line":74,"column":3}}},"14":{"name":"(anonymous_14)","decl":{"start":{"line":79,"column":14},"end":{"line":79,"column":null}},"loc":{"start":{"line":79,"column":14},"end":{"line":84,"column":5}}},"15":{"name":"(anonymous_15)","decl":{"start":{"line":85,"column":13},"end":{"line":85,"column":17}},"loc":{"start":{"line":85,"column":17},"end":{"line":112,"column":5}}},"16":{"name":"(anonymous_16)","decl":{"start":{"line":87,"column":8},"end":{"line":87,"column":18}},"loc":{"start":{"line":87,"column":35},"end":{"line":89,"column":9}}},"17":{"name":"(anonymous_17)","decl":{"start":{"line":90,"column":8},"end":{"line":90,"column":18}},"loc":{"start":{"line":90,"column":35},"end":{"line":93,"column":9}}},"18":{"name":"(anonymous_18)","decl":{"start":{"line":94,"column":8},"end":{"line":94,"column":13}},"loc":{"start":{"line":94,"column":37},"end":{"line":110,"column":9}}},"19":{"name":"(anonymous_19)","decl":{"start":{"line":121,"column":34},"end":{"line":121,"column":35}},"loc":{"start":{"line":121,"column":55},"end":{"line":122,"column":7}}}},"branchMap":{"0":{"loc":{"start":{"line":91,"column":10},"end":{"line":91,"column":49}},"type":"if","locations":[{"start":{"line":91,"column":10},"end":{"line":91,"column":49}},{"start":{"line":91,"column":10},"end":{"line":91,"column":49}}]},"1":{"loc":{"start":{"line":97,"column":10},"end":{"line":109,"column":null}},"type":"if","locations":[{"start":{"line":97,"column":10},"end":{"line":109,"column":null}},{"start":{"line":97,"column":10},"end":{"line":109,"column":null}}]},"2":{"loc":{"start":{"line":99,"column":12},"end":{"line":106,"column":null}},"type":"if","locations":[{"start":{"line":99,"column":12},"end":{"line":106,"column":null}},{"start":{"line":99,"column":12},"end":{"line":106,"column":null}}]}},"s":{"0":4,"1":4,"2":4,"3":4,"4":4,"5":7,"6":7,"7":0,"8":7,"9":0,"10":0,"11":0,"12":0,"13":0,"14":3,"15":1,"16":0,"17":0,"18":0,"19":4,"20":3,"21":3,"22":3,"23":3,"24":9,"25":9,"26":3,"27":7,"28":7,"29":5,"30":22,"31":21,"32":1,"33":0,"34":0,"35":0,"36":0,"37":0,"38":0,"39":0,"40":0,"41":3,"42":4,"43":4,"44":0},"f":{"0":7,"1":7,"2":0,"3":7,"4":0,"5":0,"6":0,"7":3,"8":1,"9":0,"10":0,"11":0,"12":3,"13":9,"14":7,"15":7,"16":5,"17":22,"18":0,"19":0},"b":{"0":[21,1],"1":[0,0],"2":[0,0]}}
,"/Users/nishan/Desktop/nishan/experiments/usedb-mono/packages/core/src/cache/normalizeResponse.ts": {"path":"/Users/nishan/Desktop/nishan/experiments/usedb-mono/packages/core/src/cache/normalizeResponse.ts","statementMap":{"0":{"start":{"line":1,"column":0},"end":{"line":1,"column":null}},"1":{"start":{"line":13,"column":2},"end":{"line":13,"column":72}},"2":{"start":{"line":12,"column":0},"end":{"line":12,"column":16}},"3":{"start":{"line":17,"column":14},"end":{"line":17,"column":17}},"4":{"start":{"line":18,"column":2},"end":{"line":20,"column":null}},"5":{"start":{"line":19,"column":4},"end":{"line":19,"column":41}},"6":{"start":{"line":22,"column":2},"end":{"line":22,"column":46}},"7":{"start":{"line":16,"column":0},"end":{"line":16,"column":16}},"8":{"start":{"line":27,"column":4},"end":{"line":30,"column":null}},"9":{"start":{"line":29,"column":6},"end":{"line":29,"column":50}},"10":{"start":{"line":32,"column":4},"end":{"line":32,"column":54}},"11":{"start":{"line":36,"column":4},"end":{"line":36,"column":27}},"12":{"start":{"line":36,"column":16},"end":{"line":36,"column":27}},"13":{"start":{"line":38,"column":20},"end":{"line":38,"column":33}},"14":{"start":{"line":39,"column":33},"end":{"line":39,"column":35}},"15":{"start":{"line":40,"column":4},"end":{"line":42,"column":7}},"16":{"start":{"line":41,"column":6},"end":{"line":41,"column":67}},"17":{"start":{"line":43,"column":4},"end":{"line":43,"column":27}},"18":{"start":{"line":48,"column":21},"end":{"line":48,"column":36}},"19":{"start":{"line":49,"column":4},"end":{"line":49,"column":49}},"20":{"start":{"line":53,"column":4},"end":{"line":55,"column":null}},"21":{"start":{"line":54,"column":6},"end":{"line":54,"column":13}},"22":{"start":{"line":57,"column":4},"end":{"line":59,"column":null}},"23":{"start":{"line":58,"column":6},"end":{"line":58,"column":19}},"24":{"start":{"line":61,"column":33},"end":{"line":61,"column":35}},"25":{"start":{"line":64,"column":4},"end":{"line":68,"column":7}},"26":{"start":{"line":65,"column":6},"end":{"line":67,"column":null}},"27":{"start":{"line":66,"column":8},"end":{"line":66,"column":77}},"28":{"start":{"line":70,"column":4},"end":{"line":73,"column":null}},"29":{"start":{"line":77,"column":29},"end":{"line":80,"column":3}},"30":{"start":{"line":78,"column":23},"end":{"line":78,"column":56}},"31":{"start":{"line":79,"column":4},"end":{"line":79,"column":29}},"32":{"start":{"line":84,"column":6},"end":{"line":85,"column":54}},"33":{"start":{"line":85,"column":35},"end":{"line":85,"column":54}},"34":{"start":{"line":87,"column":4},"end":{"line":87,"column":49}},"35":{"start":{"line":92,"column":21},"end":{"line":92,"column":38}},"36":{"start":{"line":93,"column":4},"end":{"line":93,"column":49}},"37":{"start":{"line":97,"column":4},"end":{"line":123,"column":null}},"38":{"start":{"line":98,"column":6},"end":{"line":98,"column":48}},"39":{"start":{"line":99,"column":11},"end":{"line":123,"column":null}},"40":{"start":{"line":100,"column":6},"end":{"line":112,"column":null}},"41":{"start":{"line":101,"column":8},"end":{"line":101,"column":47}},"42":{"start":{"line":103,"column":32},"end":{"line":103,"column":34}},"43":{"start":{"line":105,"column":8},"end":{"line":110,"column":11}},"44":{"start":{"line":106,"column":10},"end":{"line":109,"column":null}},"45":{"start":{"line":107,"column":22},"end":{"line":107,"column":66}},"46":{"start":{"line":108,"column":12},"end":{"line":108,"column":35}},"47":{"start":{"line":111,"column":8},"end":{"line":111,"column":26}},"48":{"start":{"line":113,"column":11},"end":{"line":123,"column":null}},"49":{"start":{"line":114,"column":6},"end":{"line":114,"column":49}},"50":{"start":{"line":115,"column":11},"end":{"line":123,"column":null}},"51":{"start":{"line":116,"column":6},"end":{"line":116,"column":52}},"52":{"start":{"line":117,"column":11},"end":{"line":123,"column":null}},"53":{"start":{"line":118,"column":6},"end":{"line":118,"column":49}},"54":{"start":{"line":119,"column":11},"end":{"line":123,"column":null}},"55":{"start":{"line":120,"column":6},"end":{"line":120,"column":53}},"56":{"start":{"line":122,"column":6},"end":{"line":122,"column":19}},"57":{"start":{"line":126,"column":28},"end":{"line":151,"column":3}},"58":{"start":{"line":127,"column":19},"end":{"line":127,"column":21}},"59":{"start":{"line":129,"column":4},"end":{"line":148,"column":null}},"60":{"start":{"line":130,"column":6},"end":{"line":138,"column":null}},"61":{"start":{"line":136,"column":8},"end":{"line":136,"column":50}},"62":{"start":{"line":137,"column":8},"end":{"line":137,"column":36}},"63":{"start":{"line":141,"column":6},"end":{"line":145,"column":9}},"64":{"start":{"line":142,"column":8},"end":{"line":144,"column":null}},"65":{"start":{"line":143,"column":10},"end":{"line":143,"column":67}},"66":{"start":{"line":147,"column":6},"end":{"line":147,"column":47}},"67":{"start":{"line":150,"column":4},"end":{"line":150,"column":15}},"68":{"start":{"line":153,"column":29},"end":{"line":168,"column":3}},"69":{"start":{"line":157,"column":34},"end":{"line":157,"column":36}},"70":{"start":{"line":158,"column":4},"end":{"line":160,"column":null}},"71":{"start":{"line":159,"column":6},"end":{"line":159,"column":75}},"72":{"start":{"line":162,"column":4},"end":{"line":165,"column":7}},"73":{"start":{"line":163,"column":29},"end":{"line":163,"column":63}},"74":{"start":{"line":164,"column":6},"end":{"line":164,"column":41}},"75":{"start":{"line":167,"column":4},"end":{"line":167,"column":25}},"76":{"start":{"line":170,"column":20},"end":{"line":174,"column":3}},"77":{"start":{"line":171,"column":4},"end":{"line":173,"column":40}},"78":{"start":{"line":176,"column":2},"end":{"line":176,"column":19}},"79":{"start":{"line":25,"column":0},"end":{"line":25,"column":16}},"80":{"start":{"line":179,"column":14},"end":{"line":181,"column":1}},"81":{"start":{"line":180,"column":2},"end":{"line":180,"column":21}}},"fnMap":{"0":{"name":"isObject","decl":{"start":{"line":12,"column":16},"end":{"line":12,"column":24}},"loc":{"start":{"line":12,"column":33},"end":{"line":14,"column":1}}},"1":{"name":"isPlainObject","decl":{"start":{"line":16,"column":16},"end":{"line":16,"column":29}},"loc":{"start":{"line":16,"column":38},"end":{"line":23,"column":1}}},"2":{"name":"normalizeResponseGenerator","decl":{"start":{"line":25,"column":16},"end":{"line":25,"column":42}},"loc":{"start":{"line":25,"column":50},"end":{"line":177,"column":1}}},"3":{"name":"normalizeFromOptionalType","decl":{"start":{"line":26,"column":11},"end":{"line":26,"column":36}},"loc":{"start":{"line":26,"column":63},"end":{"line":33,"column":3}}},"4":{"name":"normalizeFromArrayType","decl":{"start":{"line":35,"column":11},"end":{"line":35,"column":33}},"loc":{"start":{"line":35,"column":60},"end":{"line":44,"column":3}}},"5":{"name":"(anonymous_5)","decl":{"start":{"line":40,"column":18},"end":{"line":40,"column":19}},"loc":{"start":{"line":40,"column":43},"end":{"line":42,"column":5}}},"6":{"name":"normalizeFromReferenceType","decl":{"start":{"line":46,"column":11},"end":{"line":46,"column":37}},"loc":{"start":{"line":46,"column":64},"end":{"line":50,"column":3}}},"7":{"name":"normalizeFromModel","decl":{"start":{"line":52,"column":11},"end":{"line":52,"column":29}},"loc":{"start":{"line":52,"column":62},"end":{"line":75,"column":3}}},"8":{"name":"(anonymous_8)","decl":{"start":{"line":64,"column":22},"end":{"line":64,"column":23}},"loc":{"start":{"line":64,"column":53},"end":{"line":68,"column":5}}},"9":{"name":"(anonymous_9)","decl":{"start":{"line":77,"column":29},"end":{"line":77,"column":30}},"loc":{"start":{"line":77,"column":62},"end":{"line":80,"column":3}}},"10":{"name":"normalizeFromUnionType","decl":{"start":{"line":82,"column":11},"end":{"line":82,"column":33}},"loc":{"start":{"line":82,"column":55},"end":{"line":88,"column":3}}},"11":{"name":"(anonymous_11)","decl":{"start":{"line":85,"column":23},"end":{"line":85,"column":24}},"loc":{"start":{"line":85,"column":30},"end":{"line":85,"column":50}}},"12":{"name":"normalizeFromLateType","decl":{"start":{"line":90,"column":11},"end":{"line":90,"column":32}},"loc":{"start":{"line":90,"column":59},"end":{"line":94,"column":3}}},"13":{"name":"normalizeFromAnyType","decl":{"start":{"line":96,"column":11},"end":{"line":96,"column":31}},"loc":{"start":{"line":96,"column":58},"end":{"line":124,"column":3}}},"14":{"name":"(anonymous_14)","decl":{"start":{"line":105,"column":25},"end":{"line":105,"column":26}},"loc":{"start":{"line":105,"column":41},"end":{"line":110,"column":9}}},"15":{"name":"(anonymous_15)","decl":{"start":{"line":126,"column":28},"end":{"line":126,"column":29}},"loc":{"start":{"line":126,"column":61},"end":{"line":151,"column":3}}},"16":{"name":"(anonymous_16)","decl":{"start":{"line":141,"column":24},"end":{"line":141,"column":25}},"loc":{"start":{"line":141,"column":58},"end":{"line":145,"column":7}}},"17":{"name":"(anonymous_17)","decl":{"start":{"line":153,"column":29},"end":{"line":153,"column":null}},"loc":{"start":{"line":155,"column":31},"end":{"line":168,"column":3}}},"18":{"name":"(anonymous_18)","decl":{"start":{"line":162,"column":19},"end":{"line":162,"column":24}},"loc":{"start":{"line":162,"column":24},"end":{"line":165,"column":5}}},"19":{"name":"(anonymous_19)","decl":{"start":{"line":170,"column":20},"end":{"line":170,"column":21}},"loc":{"start":{"line":170,"column":53},"end":{"line":174,"column":3}}},"20":{"name":"(anonymous_20)","decl":{"start":{"line":179,"column":14},"end":{"line":179,"column":15}},"loc":{"start":{"line":179,"column":23},"end":{"line":181,"column":1}}}},"branchMap":{"0":{"loc":{"start":{"line":13,"column":9},"end":{"line":13,"column":32}},"type":"binary-expr","locations":[{"start":{"line":13,"column":9},"end":{"line":13,"column":32}},{"start":{"line":13,"column":36},"end":{"line":13,"column":48}},{"start":{"line":13,"column":52},"end":{"line":13,"column":71}}]},"1":{"loc":{"start":{"line":27,"column":4},"end":{"line":30,"column":null}},"type":"if","locations":[{"start":{"line":27,"column":4},"end":{"line":30,"column":null}},{"start":{"line":27,"column":4},"end":{"line":30,"column":null}}]},"2":{"loc":{"start":{"line":36,"column":4},"end":{"line":36,"column":27}},"type":"if","locations":[{"start":{"line":36,"column":4},"end":{"line":36,"column":27}},{"start":{"line":36,"column":4},"end":{"line":36,"column":27}}]},"3":{"loc":{"start":{"line":53,"column":4},"end":{"line":55,"column":null}},"type":"if","locations":[{"start":{"line":53,"column":4},"end":{"line":55,"column":null}},{"start":{"line":53,"column":4},"end":{"line":55,"column":null}}]},"4":{"loc":{"start":{"line":57,"column":4},"end":{"line":59,"column":null}},"type":"if","locations":[{"start":{"line":57,"column":4},"end":{"line":59,"column":null}},{"start":{"line":57,"column":4},"end":{"line":59,"column":null}}]},"5":{"loc":{"start":{"line":65,"column":6},"end":{"line":67,"column":null}},"type":"if","locations":[{"start":{"line":65,"column":6},"end":{"line":67,"column":null}},{"start":{"line":65,"column":6},"end":{"line":67,"column":null}}]},"6":{"loc":{"start":{"line":78,"column":23},"end":{"line":78,"column":48}},"type":"binary-expr","locations":[{"start":{"line":78,"column":23},"end":{"line":78,"column":48}},{"start":{"line":78,"column":52},"end":{"line":78,"column":56}}]},"7":{"loc":{"start":{"line":84,"column":6},"end":{"line":84,"column":42}},"type":"binary-expr","locations":[{"start":{"line":84,"column":6},"end":{"line":84,"column":42}},{"start":{"line":85,"column":6},"end":{"line":85,"column":54}}]},"8":{"loc":{"start":{"line":97,"column":4},"end":{"line":123,"column":null}},"type":"if","locations":[{"start":{"line":97,"column":4},"end":{"line":123,"column":null}},{"start":{"line":97,"column":4},"end":{"line":123,"column":null}}]},"9":{"loc":{"start":{"line":99,"column":11},"end":{"line":123,"column":null}},"type":"if","locations":[{"start":{"line":99,"column":11},"end":{"line":123,"column":null}},{"start":{"line":99,"column":11},"end":{"line":123,"column":null}}]},"10":{"loc":{"start":{"line":100,"column":6},"end":{"line":112,"column":null}},"type":"if","locations":[{"start":{"line":100,"column":6},"end":{"line":112,"column":null}},{"start":{"line":100,"column":6},"end":{"line":112,"column":null}}]},"11":{"loc":{"start":{"line":106,"column":10},"end":{"line":109,"column":null}},"type":"if","locations":[{"start":{"line":106,"column":10},"end":{"line":109,"column":null}},{"start":{"line":106,"column":10},"end":{"line":109,"column":null}}]},"12":{"loc":{"start":{"line":113,"column":11},"end":{"line":123,"column":null}},"type":"if","locations":[{"start":{"line":113,"column":11},"end":{"line":123,"column":null}},{"start":{"line":113,"column":11},"end":{"line":123,"column":null}}]},"13":{"loc":
[...]
"column":2},"end":{"line":43,"column":null}},{"start":{"line":38,"column":2},"end":{"line":43,"column":null}}]},"8":{"loc":{"start":{"line":118,"column":6},"end":{"line":120,"column":null}},"type":"if","locations":[{"start":{"line":118,"column":6},"end":{"line":120,"column":null}},{"start":{"line":118,"column":6},"end":{"line":120,"column":null}}]},"9":{"loc":{"start":{"line":132,"column":8},"end":{"line":134,"column":null}},"type":"if","locations":[{"start":{"line":132,"column":8},"end":{"line":134,"column":null}},{"start":{"line":132,"column":8},"end":{"line":134,"column":null}}]},"10":{"loc":{"start":{"line":85,"column":6},"end":{"line":85,"column":22}},"type":"switch","locations":[{"start":{"line":85,"column":6},"end":{"line":85,"column":22}},{"start":{"line":86,"column":6},"end":{"line":88,"column":14}},{"start":{"line":89,"column":6},"end":{"line":98,"column":14}},{"start":{"line":99,"column":6},"end":{"line":101,"column":14}},{"start":{"line":102,"column":6},"end":{"line":108,"column":14}}]},"11":{"loc":{"start":{"line":90,"column":8},"end":{"line":97,"column":null}},"type":"if","locations":[{"start":{"line":90,"column":8},"end":{"line":97,"column":null}},{"start":{"line":90,"column":8},"end":{"line":97,"column":null}}]},"12":{"loc":{"start":{"line":103,"column":8},"end":{"line":107,"column":null}},"type":"if","locations":[{"start":{"line":103,"column":8},"end":{"line":107,"column":null}},{"start":{"line":103,"column":8},"end":{"line":107,"column":null}}]},"13":{"loc":{"start":{"line":142,"column":4},"end":{"line":146,"column":null}},"type":"if","locations":[{"start":{"line":142,"column":4},"end":{"line":146,"column":null}},{"start":{"line":142,"column":4},"end":{"line":146,"column":null}}]},"14":{"loc":{"start":{"line":155,"column":4},"end":{"line":160,"column":null}},"type":"if","locations":[{"start":{"line":155,"column":4},"end":{"line":160,"column":null}},{"start":{"line":155,"column":4},"end":{"line":160,"column":null}}]},"15":{"loc":{"start":{"line":167,"column":32},"end":{"line":167,"column":36}},"type":"binary-expr","locations":[{"start":{"line":167,"column":32},"end":{"line":167,"column":36}},{"start":{"line":167,"column":40},"end":{"line":167,"column":69}}]},"16":{"loc":{"start":{"line":170,"column":8},"end":{"line":176,"column":null}},"type":"if","locations":[{"start":{"line":170,"column":8},"end":{"line":176,"column":null}},{"start":{"line":170,"column":8},"end":{"line":176,"column":null}}]},"17":{"loc":{"start":{"line":181,"column":8},"end":{"line":196,"column":null}},"type":"if","locations":[{"start":{"line":181,"column":8},"end":{"line":196,"column":null}},{"start":{"line":181,"column":8},"end":{"line":196,"column":null}}]},"18":{"loc":{"start":{"line":183,"column":15},"end":{"line":196,"column":null}},"type":"if","locations":[{"start":{"line":183,"column":15},"end":{"line":196,"column":null}},{"start":{"line":183,"column":15},"end":{"line":196,"column":null}}]},"19":{"loc":{"start":{"line":184,"column":36},"end":{"line":184,"column":61}},"type":"cond-expr","locations":[{"start":{"line":184,"column":36},"end":{"line":184,"column":61}},{"start":{"line":184,"column":64},"end":{"line":184,"column":69}}]},"20":{"loc":{"start":{"line":198,"column":8},"end":{"line":207,"column":null}},"type":"if","locations":[{"start":{"line":198,"column":8},"end":{"line":207,"column":null}},{"start":{"line":198,"column":8},"end":{"line":207,"column":null}}]},"21":{"loc":{"start":{"line":199,"column":10},"end":{"line":204,"column":null}},"type":"if","locations":[{"start":{"line":199,"column":10},"end":{"line":204,"column":null}},{"start":{"line":199,"column":10},"end":{"line":204,"column":null}}]},"22":{"loc":{"start":{"line":217,"column":65},"end":{"line":217,"column":69}},"type":"cond-expr","locations":[{"start":{"line":217,"column":65},"end":{"line":217,"column":69}},{"start":{"line":217,"column":69},"end":{"line":219,"column":6}}]},"23":{"loc":{"start":{"line":217,"column":16},"end":{"line":217,"column":69}},"type":"binary-expr","locations":[{"start":{"line":217,"column":16},"end":{"line":217,"column":69}},{"start":{"line":217,"column":65},"end":{"line":217,"column":69}}]},"24":{"loc":{"start":{"line":222,"column":4},"end":{"line":232,"column":null}},"type":"if","locations":[{"start":{"line":222,"column":4},"end":{"line":232,"column":null}},{"start":{"line":222,"column":4},"end":{"line":232,"column":null}}]},"25":{"loc":{"start":{"line":223,"column":6},"end":{"line":223,"column":24}},"type":"binary-expr","locations":[{"start":{"line":223,"column":6},"end":{"line":223,"column":24}},{"start":{"line":224,"column":6},"end":{"line":224,"column":31}},{"start":{"line":225,"column":6},"end":{"line":225,"column":48}}]},"26":{"loc":{"start":{"line":230,"column":9},"end":{"line":232,"column":null}},"type":"if","locations":[{"start":{"line":230,"column":9},"end":{"line":232,"column":null}},{"start":{"line":230,"column":9},"end":{"line":232,"column":null}}]},"27":{"loc":{"start":{"line":230,"column":13},"end":{"line":230,"column":31}},"type":"binary-expr","locations":[{"start":{"line":230,"column":13},"end":{"line":230,"column":31}},{"start":{"line":230,"column":35},"end":{"line":230,"column":72}}]}},"s":{"0":4,"1":4,"2":4,"3":4,"4":4,"5":0,"6":0,"7":0,"8":0,"9":0,"10":0,"11":0,"12":0,"13":0,"14":4,"15":0,"16":0,"17":0,"18":0,"19":0,"20":0,"21":0,"22":0,"23":0,"24":0,"25":0,"26":0,"27":0,"28":0,"29":0,"30":0,"31":0,"32":0,"33":0,"34":0,"35":0,"36":0,"37":0,"38":0,"39":0,"40":0,"41":0,"42":0,"43":0,"44":0,"45":0,"46":0,"47":0,"48":0,"49":0,"50":0,"51":0,"52":4,"53":0,"54":4,"55":0,"56":0,"57":0,"58":0,"59":4,"60":0,"61":0,"62":0,"63":0,"64":0,"65":0,"66":0,"67":0,"68":0,"69":0,"70":0,"71":0,"72":0,"73":0,"74":0,"75":0,"76":0,"77":0,"78":0,"79":0,"80":0,"81":0,"82":0,"83":0,"84":0,"85":0,"86":0,"87":0,"88":0,"89":0,"90":0,"91":0,"92":4,"93":0,"94":0,"95":0,"96":0,"97":0,"98":0,"99":0,"100":4,"101":4,"102":0,"103":4,"104":0,"105":0,"106":0,"107":0,"108":0,"109":0,"110":4,"111":4},"f":{"0":0,"1":4,"2":0,"3":0,"4":0,"5":0,"6":0,"7":0,"8":0,"9":0,"10":0,"11":0,"12":0,"13":0,"14":0,"15":0,"16":0,"17":0,"18":0,"19":0,"20":0},"b":{"0":[0,0],"1":[0,0],"2":[0,0],"3":[0,0],"4":[0,0],"5":[0,0],"6":[0,0],"7":[0,0],"8":[0,0],"9":[0,0],"10":[0,0,0,0,0],"11":[0,0],"12":[0,0],"13":[0,0],"14":[0,0],"15":[0,0],"16":[0,0],"17":[0,0],"18":[0,0],"19":[0,0],"20":[0,0],"21":[0,0],"22":[0,0],"23":[0,0],"24":[0,0],"25":[0,0,0],"26":[0,0],"27":[0,0]}}
,"/Users/nishan/Desktop/nishan/experiments/usedb-mono/packages/core/src/query/QueryData.ts": {"path":"/Users/nishan/Desktop/nishan/experiments/usedb-mono/packages/core/src/query/QueryData.ts","statementMap":{"0":{"start":{"line":1,"column":0},"end":{"line":1,"column":null}},"1":{"start":{"line":13,"column":4},"end":{"line":13,"column":33}},"2":{"start":{"line":14,"column":4},"end":{"line":14,"column":31}},"3":{"start":{"line":15,"column":4},"end":{"line":15,"column":27}},"4":{"start":{"line":16,"column":4},"end":{"line":16,"column":46}},"5":{"start":{"line":18,"column":0},"end":{"line":18,"column":null}},"6":{"start":{"line":21,"column":13},"end":{"line":38,"column":2}},"7":{"start":{"line":22,"column":30},"end":{"line":22,"column":41}},"8":{"start":{"line":22,"column":16},"end":{"line":22,"column":21}},"9":{"start":{"line":22,"column":25},"end":{"line":22,"column":30}},"10":{"start":{"line":23,"column":17},"end":{"line":25,"column":null}},"11":{"start":{"line":28,"column":2},"end":{"line":37,"column":4}},"12":{"start":{"line":29,"column":4},"end":{"line":36,"column":null}},"13":{"start":{"line":33,"column":12},"end":{"line":33,"column":41}},"14":{"start":{"line":34,"column":12},"end":{"line":34,"column":26}},"15":{"start":{"line":41,"column":2},"end":{"line":43,"column":null}},"16":{"start":{"line":42,"column":4},"end":{"line":42,"column":17}},"17":{"start":{"line":46,"column":15},"end":{"line":46,"column":28}},"18":{"start":{"line":47,"column":2},"end":{"line":49,"column":null}},"19":{"start":{"line":48,"column":4},"end":{"line":48,"column":16}},"20":{"start":{"line":52,"column":15},"end":{"line":52,"column":29}},"21":{"start":{"line":53,"column":2},"end":{"line":55,"column":null}},"22":{"start":{"line":54,"column":4},"end":{"line":54,"column":17}},"23":{"start":{"line":58,"column":2},"end":{"line":60,"column":null}},"24":{"start":{"line":59,"column":4},"end":{"line":59,"column":17}},"25":{"start":{"line":63,"column":2},"end":{"line":63,"column":14}},"26":{"start":{"line":40,"column":0},"end":{"line":40,"column":16}},"27":{"start":{"line":67,"column":2},"end":{"line":67,"column":65}}},"fnMap":{"0":{"name":"(anonymous_0)","decl":{"start":{"line":1,"column":0},"end":{"line":1,"column":null}},"loc":{"start":{"line":1,"column":0},"end":{"line":18,"column":null}}},"1":{"name":"QueryData","decl":{"start":{"line":7,"column":2},"end":{"line":7,"column":null}},"loc":{"start":{"line":11,"column":18},"end":{"line":17,"column":3}}},"2":{"name":"(anonymous_2)","decl":{"start":{"line":21,"column":23},"end":{"line":21,"column":24}},"loc":{"start":{"line":21,"column":32},"end":{"line":38,"column":1}}},"3":{"name":"(anonymous_3)","decl":{"start":{"line":28,"column":35},"end":{"line":28,"column":36}},"loc":{"start":{"line":28,"column":48},"end":{"line":29,"column":17}}},"4":{"name":"(anonymous_4)","decl":{"start":{"line":32,"column":18},"end":{"line":32,"column":19}},"loc":{"start":{"line":32,"column":30},"end":{"line":35,"column":11}}},"5":{"name":"isPlainObject","decl":{"start":{"line":40,"column":16},"end":{"line":40,"column":29}},"loc":{"start":{"line":40,"column":36},"end":{"line":64,"column":1}}},"6":{"name":"hasObjectPrototype","decl":{"start":{"line":66,"column":9},"end":{"line":66,"column":27}},"loc":{"start":{"line":66,"column":34},"end":{"line":68,"column":1}}}},"branchMap":{"0":{"loc":{"start":{"line":16,"column":20},"end":{"line":16,"column":28}},"type":"cond-expr","locations":[{"start":{"line":16,"column":20},"end":{"line":16,"column":28}},{"start":{"line":16,"column":32},"end":{"line":16,"column":45}}]},"1":{"loc":{"start":{"line":16,"column":20},"end":{"line":16,"column":32}},"type":"binary-expr","locations":[{"start":{"line":16,"column":20},"end":{"line":16,"column":32}},{"start":{"line":16,"column":20},"end":{"line":16,"column":32}}]},"2":{"loc":{"start":{"line":30,"column":8},"end":{"line":35,"column":23}},"type":"cond-expr","locations":[{"start":{"line":30,"column":8},"end":{"line":35,"column":23}},{"start":{"line":36,"column":8},"end":{"line":36,"column":17}}]},"3":{"loc":{"start":{"line":41,"column":2},"end":{"line":43,"column":null}},"type":"if","locations":[{"start":{"line":41,"column":2},"end":{"line":43,"column":null}},{"start":{"line":41,"column":2},"end":{"line":43,"column":null}}]},"4":{"loc":{"start":{"line":47,"column":2},"end":{"line":49,"column":null}},"type":"if","locations":[{"start":{"line":47,"column":2},"end":{"line":49,"column":null}},{"start":{"line":47,"column":2},"end":{"line":49,"column":null}}]},"5":{"loc":{"start":{"line":53,"column":2},"end":{"line":55,"column":null}},"type":"if","locations":[{"start":{"line":53,"column":2},"end":{"line":55,"column":null}},{"start":{"line":53,"column":2},"end":{"line":55,"column":null}}]},"6":{"loc":{"start":{"line":58,"column":2},"end":{"line":60,"column":null}},"type":"if","locations":[{"start":{"line":58,"column":2},"end":{"line":60,"column":null}},{"start":{"line":58,"column":2},"end":{"line":60,"column":null}}]}},"s":{"0":5,"1":3,"2":3,"3":3,"4":3,"5":5,"6":5,"7":3,"8":3,"9":3,"10":3,"11":3,"12":20,"13":17,"14":17,"15":20,"16":11,"17":9,"18":9,"19":0,"20":9,"21":9,"22":0,"23":9,"24":0,"25":9,"26":5,"27":29},"f":{"0":5,"1":3,"2":3,"3":20,"4":17,"5":20,"6":29},"b":{"0":[0,3],"1":[3,3],"2":[9,11],"3":[11,9],"4":[0,9],"5":[0,9],"6":[0,9]}}
,"/Users/nishan/Desktop/nishan/experiments/usedb-mono/packages/core/src/query/index.ts": {"path":"/Users/nishan/Desktop/nishan/experiments/usedb-mono/packages/core/src/query/index.ts","statementMap":{"0":{"start":{"line":2,"column":0},"end":{"line":2,"column":7}},"1":{"start":{"line":6,"column":9},"end":{"line":2,"column":20}},"2":{"start":{"line":6,"column":20},"end":{"line":2,"column":49}},"3":{"start":{"line":3,"column":0},"end":{"line":3,"column":24}},"4":{"start":{"line":4,"column":0},"end":{"line":4,"column":9}},"5":{"start":{"line":4,"column":9},"end":{"line":4,"column":32}},"6":{"start":{"line":18,"column":13},"end":{"line":18,"column":63}},"7":{"start":{"line":19,"column":13},"end":{"line":19,"column":75}},"8":{"start":{"line":20,"column":0},"end":{"line":20,"column":13}},"9":{"start":{"line":23,"column":4},"end":{"line":23,"column":33}},"10":{"start":{"line":25,"column":2},"end":{"line":27,"column":null}},"11":{"start":{"line":26,"column":4},"end":{"line":26,"column":57}},"12":{"start":{"line":28,"column":2},"end":{"line":33,"column":null}},"13":{"start":{"line":32,"column":4},"end":{"line":32,"column":76}},"14":{"start":{"line":34,"column":2},"end":{"line":39,"column":null}},"15":{"start":{"line":38,"column":4},"end":{"line":38,"column":77}},"16":{"start":{"line":40,"column":2},"end":{"line":46,"column":null}},"17":{"start":{"line":45,"column":4},"end":{"line":45,"column":57}},"18":{"start":{"line":47,"column":2},"end":{"line":53,"column":null}},"19":{"start":{"line":52,"column":4},"end":{"line":52,"column":61}},"20":{"start":{"line":54,"column":2},"end":{"line":56,"column":null}},"21":{"start":{"line":55,"column":4},"end":{"line":55,"column":57}},"22":{"start":{"line":57,"column":2},"end":{"line":59,"column":null}},"23":{"start":{"line":58,"column":4},"end":{"line":58,"column":61}},"24":{"start":{"line":60,"column":2},"end":{"line":62,"column":null}},"25":{"start":{"line":61,"column":4},"end":{"line":61,"column":56}},"26":{"start":{"line":63,"column":0},"end":{"line":63,"column":null}},"27":{"start":{"line":20,"column":13},"end":{"line":20,"column":25}},"28":{"start":{"line":65,"column":13},"end":{"line":76,"column":2}},"29":{"start":{"line":69,"column":6},"end":{"line":71,"column":null}},"30":{"start":{"line":70,"column":8},"end":{"line":70,"column":27}},"31":{"start":{"line":73,"column":6},"end":{"line":73,"column":36}},"32":{"start":{"line":84,"column":20},"end":{"line":97,"column":null}},"33":{"start":{"line":88,"column":6},"end":{"line":95,"column":8}},"34":{"start":{"line":89,"column":8},"end":{"line":94,"column":10}}},"fnMap":{"0":{"name":"(anonymous_0)","decl":{"start":{"line":6,"column":20},"end":{"line":6,"column":27}},"loc":{"start":{"line":6,"column":20},"end":{"line":2,"column":49}}},"1":{"name":"(anonymous_1)","decl":{"start":{"line":4,"column":9},"end":{"line":4,"column":14}},"loc":{"start":{"line":4,"column":9},"end":{"line":4,"column":32}}},"2":{"name":"(anonymous_2)","decl":{"start":{"line":20,"column":0},"end":{"line":20,"column":13}},"loc":{"start":{"line":20,"column":0},"end":{"line":63,"column":null}}},"3":{"name":"QueryBuilder","decl":{"start":{"line":22,"column":2},"end":{"line":22,"column":14}},"loc":{"start":{"line":22,"column":32},"end":{"line":24,"column":3}}},"4":{"name":"(anonymous_4)","decl":{"start":{"line":25,"column":2},"end":{"line":25,"column":8}},"loc":{"start":{"line":25,"column":55},"end":{"line":27,"column":3}}},"5":{"name":"(anonymous_5)","decl":{"start":{"line":28,"column":2},"end":{"line":28,"column":9}},"loc":{"start":{"line":30,"column":30},"end":{"line":33,"column":3}}},"6":{"name":"(anonymous_6)","decl":{"start":{"line":34,"column":2},"end":{"line":34,"column":10}},"loc":{"start":{"line":36,"column":30},"end":{"line":39,"column":3}}},"7":{"name":"(anonymous_7)","decl":{"start":{"line":40,"column":2},"end":{"line":40,"column":8}},"loc":{"start":{"line":44,"column":3},"end":{"line":46,"column":3}}},"8":{"name":"(anonymous_8)","decl":{"start":{"line":47,"column":2},"end":{"line":47,"column":12}},"loc":{"start":{"line":51,"column":3},"end":{"line":53,"column":3}}},"9":{"name":"(anonymous_9)","decl":{"start":{"line":54,"column":2},"end":{"line":54,"column":8}},"loc":{"start":{"line":54,"column":56},"end":{"line":56,"column":3}}},"10":{"name":"(anonymous_10)","decl":{"start":{"line":57,"column":2},"end":{"line":57,"column":12}},"loc":{"start":{"line":57,"column":36},"end":{"line":59,"column":3}}},"11":{"name":"(anonymous_11)","decl":{"start":{"line":60,"column":2},"end":{"line":60,"column":7}},"loc":{"start":{"line":60,"column":31},"end":{"line":62,"column":3}}},"12":{"name":"(anonymous_12)","decl":{"start":{"line":68,"column":9},"end":{"line":68,"column":10}},"loc":{"start":{"line":68,"column":28},"end":{"line":74,"column":5}}},"13":{"name":"(anonymous_13)","decl":{"start":{"line":87,"column":9},"end":{"line":87,"column":10}},"loc":{"start":{"line":87,"column":34},"end":{"line":96,"column":5}}},"14":{"name":"(anonymous_14)","decl":{"start":{"line":88,"column":13},"end":{"line":88,"column":14}},"loc":{"start":{"line":88,"column":36},"end":{"line":95,"column":7}}}},"branchMap":{"0":{"loc":{"start":{"line":32,"column":64},"end":{"line":32,"column":66}},"type":"cond-expr","locations":[{"start":{"line":32,"column":64},"end":{"line":32,"column":66}},{"start":{"line":32,"column":58},"end":{"line":32,"column":74}}]},"1":{"loc":{"start":{"line":32,"column":58},"end":{"line":32,"column":66}},"type":"binary-expr","locations":[{"start":{"line":32,"column":58},"end":{"line":32,"column":66}},{"start":{"line":32,"column":58},"end":{"line":32,"column":66}}]},"2":{"loc":{"start":{"line":38,"column":65},"end":{"line":38,"column":67}},"type":"cond-expr","locations":[{"start":{"line":38,"column":65},"end":{"line":38,"column":67}},{"start":{"line":38,"column":59},"end":{"line":38,"column":75}}]},"3":{"loc":{"start":{"line":38,"column":59},"end":{"line":38,"column":67}},"type":"binary-expr","locations":[{"start":{"line":38,"column":59},"end":{"line":38,"column":67}},{"start":{"line":38,"column":59},"end":{"line":38,"column":67}}]},"4":{"loc":{"start":{"line":69,"column":6},"end":{"line":71,"column":null}},"type":"if","locations":[{"start":{"line":69,"column":6},"end":{"line":71,"column":null}},{"start":{"line":69,"column":6},"end":{"line":71,"column":null}}]},"5":{"loc":{"start":{"line":92,"column":16},"end":{"line":92,"column":18}},"type":"cond-expr","locations":[{"start":{"line":92,"column":16},"end":{"line":92,"column":18}},{"start":{"line":92,"column":10},"end":{"line":92,"column":24}}]},"6":{"loc":{"start":{"line":92,"column":10},"end":{"line":92,"column":18}},"type":"binary-expr","locations":[{"start":{"line":92,"column":10},"end":{"line":92,"column":18}},{"start":{"line":92,"column":10},"end":{"line":92,"column":18}}]},"7":{"loc":{"start":{"line":93,"column":16},"end":{"line":93,"column":18}},"type":"cond-expr","locations":[{"start":{"line":93,"column":16},"end":{"line":93,"column":18}},{"start":{"line":93,"column":10},"end":{"line":93,"column":26}}]},"8":{"loc":{"start":{"line":93,"column":10},"end":{"line":93,"column":18}},"type":"binary-expr","locations":[{"start":{"line":93,"column":10},"end":{"line":93,"column":18}},{"start":{"line":93,"column":10},"end":{"line":93,"column":18}}]}},"s":{"0":4,"1":4,"2":4,"3":4,"4":4,"5":4,"6":4,"7":4,"8":4,"9":1,"10":4,"11":0,"12":4,"13":0,"14":4,"15":1,"16":4,"17":0,"18":4,"19":0,"20":4,"21":0,"22":4,"23":0,"24":4,"25":0,"26":4,"27":4,"28":4,"29":1,"30":0,"31":1,"32":4,"33":0,"34":0},"f":{"0":0,"1":0,"2":4,"3":1,"4":0,"5":0,"6":1,"7":0,"8":0,"9":0,"10":0,"11":0,"12":1,"13":0,"14":0},"b":{"0":[0,0],"1":[0,0],"2":[1,0],"3":[1,1],"4":[0,1],"5":[0,0],"6":[0,0],"7":[0,0],"8":[0,0]}}
,"/Users/nishan/Desktop/nishan/experiments/usedb-mono/packages/core/src/types/index.ts": {"path":"/Users/nishan/Desktop/nishan/experiments/usedb-mono/packages/core/src/types/index.ts","statementMap":{"0":{"start":{"line":1,"column":0},"end":{"line":1,"column":9}},"1":{"start":{"line":1,"column":9},"end":{"line":1,"column":40}}},"fnMap":{"0":{"name":"(anonymous_0)","decl":{"start":{"line":1,"column":9},"end":{"line":1,"column":14}},"loc":{"start":{"line":1,"column":9},"end":{"line":1,"column":40}}}},"branchMap":{},"s":{"0":0,"1":0},"f":{"0":0},"b":{}}
}
