TN:
SF:src/connection.ts
FN:5,(anonymous_0)
FN:8,Connection
FN:12,(anonymous_2)
FN:15,(anonymous_3)
FN:18,(anonymous_4)
FN:19,(anonymous_5)
FN:22,(anonymous_6)
FN:25,(anonymous_7)
FNF:8
FNH:1
FNDA:3,(anonymous_0)
FNDA:0,Connection
FNDA:0,(anonymous_2)
FNDA:0,(anonymous_3)
FNDA:0,(anonymous_4)
FNDA:0,(anonymous_5)
FNDA:0,(anonymous_6)
FNDA:0,(anonymous_7)
DA:5,3
DA:8,0
DA:9,0
DA:10,0
DA:12,3
DA:13,0
DA:15,3
DA:16,0
DA:18,3
DA:19,0
DA:20,0
DA:23,0
DA:26,0
DA:27,0
DA:31,3
LF:15
LH:5
BRF:0
BRH:0
end_of_record
TN:
SF:src/index.tsx
FN:2,(anonymous_0)
FN:5,(anonymous_1)
FN:6,(anonymous_2)
FN:7,(anonymous_3)
FNF:4
FNH:0
FNDA:0,(anonymous_0)
FNDA:0,(anonymous_1)
FNDA:0,(anonymous_2)
FNDA:0,(anonymous_3)
DA:1,3
DA:2,3
DA:3,3
DA:5,3
DA:6,3
DA:7,3
DA:9,3
DA:10,3
LF:8
LH:8
BRF:0
BRH:0
end_of_record
TN:
SF:src/binding/CloudStorage.ts
FN:4,(anonymous_0)
FN:6,CloudStorageBinding
FN:9,(anonymous_2)
FN:10,(anonymous_3)
FN:10,(anonymous_4)
FN:29,(anonymous_6)
FN:30,(anonymous_7)
FN:30,(anonymous_8)
FNF:8
FNH:1
FNDA:3,(anonymous_0)
FNDA:0,CloudStorageBinding
FNDA:0,(anonymous_2)
FNDA:0,(anonymous_3)
FNDA:0,(anonymous_4)
FNDA:0,(anonymous_6)
FNDA:0,(anonymous_7)
FNDA:0,(anonymous_8)
DA:4,3
DA:7,0
DA:9,3
DA:10,0
DA:12,0
DA:13,0
DA:15,0
DA:22,0
DA:23,0
DA:25,0
DA:29,3
DA:30,0
DA:32,0
DA:38,0
DA:39,0
DA:41,0
DA:45,3
LF:17
LH:4
BRDA:12,0,0,0
BRDA:12,0,1,0
BRF:2
BRH:0
end_of_record
TN:
SF:src/binding/LocalStorage.ts
FN:5,(anonymous_0)
FN:7,(anonymous_2)
FN:8,(anonymous_3)
FN:8,(anonymous_4)
FN:16,(anonymous_6)
FN:20,(anonymous_7)
FN:38,(anonymous_8)
FN:65,(anonymous_9)
FN:77,(anonymous_10)
FN:79,(anonymous_11)
FN:97,(anonymous_12)
FN:107,(anonymous_13)
FNF:12
FNH:1
FNDA:3,(anonymous_0)
FNDA:0,(anonymous_2)
FNDA:0,(anonymous_3)
FNDA:0,(anonymous_4)
FNDA:0,(anonymous_6)
FNDA:0,(anonymous_7)
FNDA:0,(anonymous_8)
FNDA:0,(anonymous_9)
FNDA:0,(anonymous_10)
FNDA:0,(anonymous_11)
FNDA:0,(anonymous_12)
FNDA:0,(anonymous_13)
DA:1,3
DA:5,3
DA:6,0
DA:7,3
DA:8,0
DA:9,0
DA:10,0
DA:12,0
DA:16,3
DA:17,0
DA:18,0
DA:20,0
DA:21,0
DA:22,0
DA:23,0
DA:25,0
DA:26,0
DA:28,0
DA:29,0
DA:31,0
DA:32,0
DA:34,0
DA:38,3
DA:42,0
DA:44,0
DA:46,0
DA:47,0
DA:49,0
DA:50,0
DA:51,0
DA:52,0
DA:53,0
DA:57,0
DA:59,0
DA:60,0
DA:61,0
DA:63,0
DA:64,0
DA:65,0
DA:66,0
DA:68,0
DA:70,0
DA:72,0
DA:73,0
DA:75,0
DA:76,0
DA:77,0
DA:78,0
DA:79,0
DA:80,0
DA:84,0
DA:86,0
DA:88,0
DA:89,0
DA:90,0
DA:91,0
DA:92,0
DA:95,0
DA:96,0
DA:97,0
DA:98,0
DA:100,0
DA:102,0
DA:104,0
DA:105,0
DA:106,0
DA:107,0
DA:108,0
DA:109,0
DA:110,0
DA:111,0
DA:114,0
DA:116,0
DA:118,0
DA:119,0
DA:120,0
DA:122,0
DA:124,0
DA:126,0
DA:128,3
LF:80
LH:6
BRDA:6,0,0,0
BRDA:6,0,1,0
BRDA:17,1,0,0
BRDA:17,1,1,0
BRDA:22,2,0,0
BRDA:22,2,1,0
BRDA:28,3,0,0
BRDA:28,3,1,0
BRDA:45,4,0,0
BRDA:45,4,1,0
BRDA:45,4,2,0
BRDA:45,4,3,0
BRDA:45,4,4,0
BRDA:45,4,5,0
BRDA:45,4,6,0
BRDA:45,4,7,0
BRDA:49,5,0,0
BRDA:49,5,1,0
BRDA:51,6,0,0
BRDA:51,6,1,0
BRDA:51,7,0,0
BRDA:51,7,1,0
BRDA:59,8,0,0
BRDA:59,8,1,0
BRDA:61,9,0,0
BRDA:61,9,1,0
BRDA:63,10,0,0
BRDA:63,10,1,0
BRDA:68,11,0,0
BRDA:68,11,1,0
BRDA:72,12,0,0
BRDA:72,12,1,0
BRDA:75,13,0,0
BRDA:75,13,1,0
BRDA:88,14,0,0
BRDA:88,14,1,0
BRDA:90,15,0,0
BRDA:90,15,1,0
BRDA:95,16,0,0
BRDA:95,16,1,0
BRDA:95,17,0,0
BRDA:95,17,1,0
BRDA:100,18,0,0
BRDA:100,18,1,0
BRDA:104,19,0,0
BRDA:104,19,1,0
BRDA:109,20,0,0
BRDA:109,20,1,0
BRDA:118,21,0,0
BRDA:118,21,1,0
BRF:50
BRH:0
end_of_record
TN:
SF:src/binding/Runtime.ts
FN:4,(anonymous_0)
FN:6,(anonymous_1)
FN:23,(anonymous_2)
FN:33,(anonymous_3)
FN:48,(anonymous_4)
FN:51,(anonymous_6)
FN:52,(anonymous_7)
FN:52,(anonymous_8)
FN:60,(anonymous_10)
FN:67,(anonymous_11)
FN:68,(anonymous_12)
FN:82,(anonymous_13)
FN:109,(anonymous_14)
FN:125,(anonymous_15)
FN:127,(anonymous_16)
FN:163,(anonymous_17)
FN:173,(anonymous_18)
FNF:17
FNH:1
FNDA:0,(anonymous_0)
FNDA:0,(anonymous_1)
FNDA:0,(anonymous_2)
FNDA:0,(anonymous_3)
FNDA:3,(anonymous_4)
FNDA:0,(anonymous_6)
FNDA:0,(anonymous_7)
FNDA:0,(anonymous_8)
FNDA:0,(anonymous_10)
FNDA:0,(anonymous_11)
FNDA:0,(anonymous_12)
FNDA:0,(anonymous_13)
FNDA:0,(anonymous_14)
FNDA:0,(anonymous_15)
FNDA:0,(anonymous_16)
FNDA:0,(anonymous_17)
FNDA:0,(anonymous_18)
DA:1,3
DA:4,3
DA:6,3
DA:7,0
DA:8,0
DA:9,0
DA:15,0
DA:23,3
DA:24,0
DA:25,0
DA:26,0
DA:32,0
DA:33,0
DA:34,0
DA:36,0
DA:38,0
DA:48,3
DA:49,0
DA:51,3
DA:52,0
DA:53,0
DA:54,0
DA:56,0
DA:60,3
DA:61,0
DA:62,0
DA:66,0
DA:67,0
DA:68,0
DA:69,0
DA:70,0
DA:71,0
DA:73,0
DA:75,0
DA:77,0
DA:82,3
DA:83,0
DA:85,0
DA:87,0
DA:88,0
DA:89,0
DA:90,0
DA:92,0
DA:93,0
DA:94,0
DA:95,0
DA:96,0
DA:98,0
DA:101,0
DA:103,0
DA:104,0
DA:105,0
DA:107,0
DA:108,0
DA:109,0
DA:110,0
DA:112,0
DA:114,0
DA:116,0
DA:117,0
DA:118,0
DA:120,0
DA:123,0
DA:124,0
DA:125,0
DA:126,0
DA:127,0
DA:128,0
DA:131,0
DA:134,0
DA:135,0
DA:140,0
DA:141,0
DA:147,0
DA:150,0
DA:154,0
DA:155,0
DA:156,0
DA:157,0
DA:158,0
DA:161,0
DA:162,0
DA:163,0
DA:164,0
DA:166,0
DA:168,0
DA:170,0
DA:171,0
DA:172,0
DA:173,0
DA:174,0
DA:175,0
DA:176,0
DA:177,0
DA:180,0
DA:182,0
DA:184,0
DA:185,0
DA:186,0
DA:188,0
DA:190,0
DA:193,0
DA:194,0
DA:196,3
LF:104
LH:9
BRDA:36,0,0,0
BRDA:36,0,1,0
BRDA:36,1,0,0
BRDA:36,1,1,0
BRDA:61,2,0,0
BRDA:61,2,1,0
BRDA:70,3,0,0
BRDA:70,3,1,0
BRDA:86,4,0,0
BRDA:86,4,1,0
BRDA:86,4,2,0
BRDA:86,4,3,0
BRDA:86,4,4,0
BRDA:86,4,5,0
BRDA:86,4,6,0
BRDA:86,4,7,0
BRDA:92,5,0,0
BRDA:92,5,1,0
BRDA:94,6,0,0
BRDA:94,6,1,0
BRDA:94,7,0,0
BRDA:94,7,1,0
BRDA:103,8,0,0
BRDA:103,8,1,0
BRDA:105,9,0,0
BRDA:105,9,1,0
BRDA:107,10,0,0
BRDA:107,10,1,0
BRDA:112,11,0,0
BRDA:112,11,1,0
BRDA:117,12,0,0
BRDA:117,12,1,0
BRDA:123,13,0,0
BRDA:123,13,1,0
BRDA:134,14,0,0
BRDA:134,14,1,0
BRDA:140,15,0,0
BRDA:140,15,1,0
BRDA:154,16,0,0
BRDA:154,16,1,0
BRDA:156,17,0,0
BRDA:156,17,1,0
BRDA:161,18,0,0
BRDA:161,18,1,0
BRDA:161,19,0,0
BRDA:161,19,1,0
BRDA:166,20,0,0
BRDA:166,20,1,0
BRDA:170,21,0,0
BRDA:170,21,1,0
BRDA:175,22,0,0
BRDA:175,22,1,0
BRDA:184,23,0,0
BRDA:184,23,1,0
BRF:54
BRH:0
end_of_record
TN:
SF:src/binding/index.ts
FN:7,(anonymous_0)
FN:8,(anonymous_1)
FN:9,(anonymous_2)
FNF:3
FNH:0
FNDA:0,(anonymous_0)
FNDA:0,(anonymous_1)
FNDA:0,(anonymous_2)
DA:7,3
DA:8,3
DA:9,3
LF:3
LH:3
BRF:0
BRH:0
end_of_record
TN:
SF:src/cache/deflateHelper.ts
FN:3,mergeHelper
FN:4,merge
FN:40,denormalizeHelper
FN:41,merge
FN:67,deflateHelper
FN:68,deflate
FNF:6
FNH:4
FNDA:3,mergeHelper
FNDA:23,merge
FNDA:0,denormalizeHelper
FNDA:0,merge
FNDA:1,deflateHelper
FNDA:1,deflate
DA:1,4
DA:3,4
DA:5,23
DA:6,5
DA:8,10
DA:11,5
DA:12,5
DA:13,20
DA:17,5
DA:18,5
DA:19,5
DA:20,5
DA:22,1
DA:24,4
DA:25,4
DA:26,4
DA:28,4
DA:31,5
DA:33,0
DA:37,3
DA:40,4
DA:42,0
DA:43,0
DA:45,0
DA:48,0
DA:49,0
DA:50,0
DA:54,0
DA:55,0
DA:56,0
DA:58,0
DA:60,0
DA:64,0
DA:67,4
DA:69,1
DA:70,1
DA:72,2
DA:74,1
DA:76,1
DA:79,0
DA:80,0
DA:81,0
DA:83,0
DA:87,1
LF:44
LH:27
BRDA:5,0,0,18
BRDA:5,0,1,5
BRDA:5,1,0,23
BRDA:5,1,1,21
BRDA:6,2,0,0
BRDA:6,2,1,5
BRDA:17,3,0,5
BRDA:17,3,1,0
BRDA:19,4,0,5
BRDA:19,4,1,5
BRDA:20,5,0,1
BRDA:20,5,1,4
BRDA:25,6,0,4
BRDA:25,6,1,0
BRDA:42,7,0,0
BRDA:42,7,1,0
BRDA:42,8,0,0
BRDA:42,8,1,0
BRDA:43,9,0,0
BRDA:43,9,1,0
BRDA:54,10,0,0
BRDA:54,10,1,0
BRDA:56,11,0,0
BRDA:56,11,1,0
BRDA:69,12,0,0
BRDA:69,12,1,1
BRDA:69,13,0,1
BRDA:69,13,1,1
BRDA:70,14,0,0
BRDA:70,14,1,1
BRDA:74,15,0,1
BRDA:74,15,1,0
BRDA:74,16,0,1
BRDA:74,16,1,1
BRF:34
BRH:18
end_of_record
TN:
SF:src/cache/experimental-mst-views.ts
FN:11,(anonymous_0)
FN:12,(anonymous_1)
FN:19,(anonymous_2)
FN:34,(anonymous_3)
FN:46,(anonymous_4)
FN:57,(anonymous_5)
FNF:6
FNH:0
FNDA:0,(anonymous_0)
FNDA:0,(anonymous_1)
FNDA:0,(anonymous_2)
FNDA:0,(anonymous_3)
FNDA:0,(anonymous_4)
FNDA:0,(anonymous_5)
DA:1,0
DA:11,0
DA:12,0
DA:13,0
DA:15,0
DA:18,0
DA:21,0
DA:22,0
DA:23,0
DA:25,0
DA:27,0
DA:28,0
DA:31,0
DA:38,0
DA:40,0
DA:41,0
DA:44,0
DA:45,0
DA:46,0
DA:48,0
DA:49,0
DA:51,0
DA:54,0
DA:58,0
DA:59,0
DA:60,0
DA:61,0
DA:64,0
LF:28
LH:0
BRDA:21,0,0,0
BRDA:21,0,1,0
BRDA:23,1,0,0
BRDA:23,1,1,0
BRDA:25,2,0,0
BRDA:25,2,1,0
BRDA:28,3,0,0
BRDA:28,3,1,0
BRDA:40,4,0,0
BRDA:40,4,1,0
BRDA:44,5,0,0
BRDA:44,5,1,0
BRDA:59,6,0,0
BRDA:59,6,1,0
BRF:14
BRH:0
end_of_record
TN:
SF:src/cache/index.ts
FN:2,(anonymous_0)
FN:4,Cache
FN:7,(anonymous_2)
FN:10,(anonymous_3)
FN:13,(anonymous_4)
FN:16,(anonymous_5)
FN:19,(anonymous_6)
FNF:7
FNH:1
FNDA:4,(anonymous_0)
FNDA:0,Cache
FNDA:0,(anonymous_2)
FNDA:0,(anonymous_3)
FNDA:0,(anonymous_4)
FNDA:0,(anonymous_5)
FNDA:0,(anonymous_6)
DA:2,4
DA:5,0
DA:7,4
DA:8,0
DA:10,4
DA:11,0
DA:13,4
DA:14,0
DA:16,4
DA:17,0
DA:19,4
DA:20,0
DA:22,4
DA:24,4
DA:25,4
LF:15
LH:9
BRDA:8,0,0,0
BRDA:8,0,1,0
BRF:2
BRH:0
end_of_record
TN:
SF:src/cache/mst-cache.ts
FN:19,(anonymous_0)
FN:26,(anonymous_1)
FN:28,(anonymous_2)
FN:33,(anonymous_3)
FN:35,(anonymous_4)
FN:37,(anonymous_5)
FN:40,(anonymous_6)
FN:43,(anonymous_7)
FN:46,(anonymous_8)
FN:49,(anonymous_9)
FN:52,(anonymous_10)
FN:55,(anonymous_11)
FN:66,(anonymous_12)
FN:71,(anonymous_13)
FN:79,(anonymous_14)
FN:85,(anonymous_15)
FN:87,(anonymous_16)
FN:90,(anonymous_17)
FN:94,(anonymous_18)
FN:121,(anonymous_19)
FNF:20
FNH:11
FNDA:7,(anonymous_0)
FNDA:7,(anonymous_1)
FNDA:0,(anonymous_2)
FNDA:7,(anonymous_3)
FNDA:0,(anonymous_4)
FNDA:0,(anonymous_5)
FNDA:0,(anonymous_6)
FNDA:3,(anonymous_7)
FNDA:1,(anonymous_8)
FNDA:0,(anonymous_9)
FNDA:0,(anonymous_10)
FNDA:0,(anonymous_11)
FNDA:3,(anonymous_12)
FNDA:9,(anonymous_13)
FNDA:7,(anonymous_14)
FNDA:7,(anonymous_15)
FNDA:5,(anonymous_16)
FNDA:22,(anonymous_17)
FNDA:0,(anonymous_18)
FNDA:0,(anonymous_19)
DA:1,4
DA:10,4
DA:12,4
DA:13,4
DA:15,4
DA:22,7
DA:27,7
DA:29,0
DA:34,7
DA:36,0
DA:37,0
DA:38,0
DA:41,0
DA:44,3
DA:47,1
DA:50,0
DA:53,0
DA:56,0
DA:66,4
DA:69,3
DA:71,3
DA:72,9
DA:73,9
DA:76,3
DA:80,7
DA:86,7
DA:88,5
DA:91,22
DA:92,1
DA:95,0
DA:96,0
DA:97,0
DA:98,0
DA:99,0
DA:100,0
DA:105,0
DA:108,0
DA:114,3
DA:117,4
DA:121,4
DA:122,0
LF:41
LH:24
BRDA:91,0,0,21
BRDA:91,0,1,1
BRDA:97,1,0,0
BRDA:97,1,1,0
BRDA:99,2,0,0
BRDA:99,2,1,0
BRF:6
BRH:2
end_of_record
TN:
SF:src/cache/normalizeResponse.ts
FN:12,isObject
FN:16,isPlainObject
FN:25,normalizeResponseGenerator
FN:26,normalizeFromOptionalType
FN:35,normalizeFromArrayType
FN:40,(anonymous_5)
FN:46,normalizeFromReferenceType
FN:52,normalizeFromModel
FN:64,(anonymous_8)
FN:77,(anonymous_9)
FN:82,normalizeFromUnionType
FN:85,(anonymous_11)
FN:90,normalizeFromLateType
FN:96,normalizeFromAnyType
FN:105,(anonymous_14)
FN:126,(anonymous_15)
FN:141,(anonymous_16)
FN:153,(anonymous_17)
FN:162,(anonymous_18)
FN:170,(anonymous_19)
FN:179,(anonymous_20)
FNF:21
FNH:18
FNDA:0,isObject
FNDA:7,isPlainObject
FNDA:7,normalizeResponseGenerator
FNDA:1,normalizeFromOptionalType
FNDA:1,normalizeFromArrayType
FNDA:1,(anonymous_5)
FNDA:7,normalizeFromReferenceType
FNDA:7,normalizeFromModel
FNDA:23,(anonymous_8)
FNDA:7,(anonymous_9)
FNDA:10,normalizeFromUnionType
FNDA:7,(anonymous_11)
FNDA:0,normalizeFromLateType
FNDA:62,normalizeFromAnyType
FNDA:0,(anonymous_14)
FNDA:10,(anonymous_15)
FNDA:45,(anonymous_16)
FNDA:2,(anonymous_17)
FNDA:2,(anonymous_18)
FNDA:10,(anonymous_19)
FNDA:68,(anonymous_20)
DA:1,4
DA:12,4
DA:13,0
DA:16,4
DA:17,7
DA:18,7
DA:19,7
DA:22,7
DA:25,4
DA:27,1
DA:29,0
DA:32,1
DA:36,1
DA:38,1
DA:39,1
DA:40,1
DA:41,1
DA:43,1
DA:48,7
DA:49,7
DA:53,7
DA:54,0
DA:57,7
DA:58,0
DA:61,7
DA:64,7
DA:65,23
DA:66,16
DA:70,7
DA:77,7
DA:78,7
DA:79,7
DA:84,10
DA:85,7
DA:87,10
DA:92,0
DA:93,0
DA:97,62
DA:98,0
DA:99,62
DA:100,7
DA:101,7
DA:103,0
DA:105,0
DA:106,0
DA:107,0
DA:108,0
DA:111,0
DA:113,55
DA:114,10
DA:115,45
DA:116,1
DA:117,44
DA:118,1
DA:119,43
DA:120,7
DA:122,36
DA:126,7
DA:127,10
DA:129,10
DA:130,10
DA:136,8
DA:137,8
DA:141,10
DA:142,45
DA:143,27
DA:147,0
DA:150,10
DA:153,7
DA:157,2
DA:158,2
DA:159,0
DA:162,2
DA:163,2
DA:164,2
DA:167,2
DA:170,7
DA:171,10
DA:176,7
DA:179,4
DA:180,68
LF:81
LH:66
BRDA:13,0,0,0
BRDA:13,0,1,0
BRDA:13,0,2,0
BRDA:27,1,0,0
BRDA:27,1,1,1
BRDA:36,2,0,0
BRDA:36,2,1,1
BRDA:53,3,0,0
BRDA:53,3,1,7
BRDA:57,4,0,0
BRDA:57,4,1,7
BRDA:65,5,0,16
BRDA:65,5,1,7
BRDA:78,6,0,7
BRDA:78,6,1,0
BRDA:84,7,0,10
BRDA:84,7,1,7
BRDA:97,8,0,0
BRDA:97,8,1,62
BRDA:99,9,0,7
BRDA:99,9,1,55
BRDA:100,10,0,7
BRDA:100,10,1,0
BRDA:106,11,0,0
BRDA:106,11,1,0
BRDA:113,12,0,10
BRDA:113,12,1,45
BRDA:115,13,0,1
BRDA:115,13,1,44
BRDA:117,14,0,1
BRDA:117,14,1,43
BRDA:119,15,0,7
BRDA:119,15,1,36
BRDA:129,16,0,10
BRDA:129,16,1,0
BRDA:130,17,0,8
BRDA:130,17,1,2
BRDA:131,18,0,10
BRDA:131,18,1,9
BRDA:131,18,2,9
BRDA:131,18,3,9
BRDA:142,19,0,27
BRDA:142,19,1,18
BRDA:158,20,0,0
BRDA:158,20,1,2
BRDA:158,21,0,2
BRDA:158,21,1,2
BRDA:172,22,0,2
BRDA:172,22,1,8
BRF:49
BRH:35
end_of_record
TN:
SF:src/cache/test/dummyStore.ts
FNF:0
FNH:0
DA:1,3
DA:3,3
DA:9,3
DA:17,3
DA:23,3
DA:25,3
DA:33,3
LF:7
LH:7
BRF:0
BRH:0
end_of_record
TN:
SF:src/query/Query.ts
FN:22,(anonymous_0)
FN:50,(anonymous_1)
FN:62,Query
FN:116,(anonymous_3)
FN:117,(anonymous_4)
FN:125,(anonymous_5)
FN:126,(anonymous_6)
FN:131,(anonymous_7)
FN:112,(anonymous_8)
FN:140,(anonymous_9)
FN:151,(anonymous_10)
FN:164,(anonymous_11)
FN:209,(anonymous_12)
FN:216,(anonymous_13)
FN:242,(anonymous_14)
FN:247,(anonymous_15)
FN:261,(anonymous_16)
FN:263,(anonymous_17)
FN:264,(anonymous_18)
FN:266,(anonymous_19)
FN:267,(anonymous_20)
FNF:21
FNH:1
FNDA:0,(anonymous_0)
FNDA:4,(anonymous_1)
FNDA:0,Query
FNDA:0,(anonymous_3)
FNDA:0,(anonymous_4)
FNDA:0,(anonymous_5)
FNDA:0,(anonymous_6)
FNDA:0,(anonymous_7)
FNDA:0,(anonymous_8)
FNDA:0,(anonymous_9)
FNDA:0,(anonymous_10)
FNDA:0,(anonymous_11)
FNDA:0,(anonymous_12)
FNDA:0,(anonymous_13)
FNDA:0,(anonymous_14)
FNDA:0,(anonymous_15)
FNDA:0,(anonymous_16)
FNDA:0,(anonymous_17)
FNDA:0,(anonymous_18)
FNDA:0,(anonymous_19)
FNDA:0,(anonymous_20)
DA:1,4
DA:2,4
DA:13,4
DA:14,4
DA:22,4
DA:29,0
DA:30,0
DA:31,0
DA:32,0
DA:36,0
DA:38,0
DA:39,0
DA:40,0
DA:45,0
DA:50,4
DA:51,0
DA:52,0
DA:53,0
DA:62,0
DA:67,0
DA:74,0
DA:75,0
DA:76,0
DA:78,0
DA:80,0
DA:82,0
DA:84,0
DA:87,0
DA:88,0
DA:90,0
DA:91,0
DA:94,0
DA:96,0
DA:98,0
DA:100,0
DA:101,0
DA:103,0
DA:104,0
DA:106,0
DA:108,0
DA:112,4
DA:113,0
DA:116,0
DA:117,0
DA:118,0
DA:119,0
DA:121,0
DA:125,0
DA:126,0
DA:127,0
DA:130,0
DA:132,0
DA:133,0
DA:135,0
DA:140,4
DA:142,0
DA:143,0
DA:145,0
DA:148,0
DA:151,4
DA:152,0
DA:154,0
DA:155,0
DA:156,0
DA:158,0
DA:159,0
DA:162,0
DA:163,0
DA:165,0
DA:166,0
DA:167,0
DA:170,0
DA:172,0
DA:175,0
DA:181,0
DA:182,0
DA:183,0
DA:184,0
DA:187,0
DA:190,0
DA:192,0
DA:193,0
DA:195,0
DA:198,0
DA:199,0
DA:200,0
DA:201,0
DA:203,0
DA:206,0
DA:210,0
DA:211,0
DA:216,4
DA:217,0
DA:222,0
DA:227,0
DA:230,0
DA:231,0
DA:234,0
DA:239,0
DA:242,4
DA:247,4
DA:248,0
DA:261,4
DA:262,0
DA:264,0
DA:267,0
DA:271,4
LF:107
LH:14
BRDA:29,0,0,0
BRDA:29,0,1,0
BRDA:31,1,0,0
BRDA:31,1,1,0
BRDA:36,2,0,0
BRDA:36,2,1,0
BRDA:36,3,0,0
BRDA:36,3,1,0
BRDA:36,4,0,0
BRDA:36,4,1,0
BRDA:36,5,0,0
BRDA:36,5,1,0
BRDA:36,6,0,0
BRDA:36,6,1,0
BRDA:38,7,0,0
BRDA:38,7,1,0
BRDA:118,8,0,0
BRDA:118,8,1,0
BRDA:132,9,0,0
BRDA:132,9,1,0
BRDA:85,10,0,0
BRDA:85,10,1,0
BRDA:85,10,2,0
BRDA:85,10,3,0
BRDA:85,10,4,0
BRDA:90,11,0,0
BRDA:90,11,1,0
BRDA:103,12,0,0
BRDA:103,12,1,0
BRDA:142,13,0,0
BRDA:142,13,1,0
BRDA:155,14,0,0
BRDA:155,14,1,0
BRDA:167,15,0,0
BRDA:167,15,1,0
BRDA:170,16,0,0
BRDA:170,16,1,0
BRDA:181,17,0,0
BRDA:181,17,1,0
BRDA:183,18,0,0
BRDA:183,18,1,0
BRDA:184,19,0,0
BRDA:184,19,1,0
BRDA:198,20,0,0
BRDA:198,20,1,0
BRDA:199,21,0,0
BRDA:199,21,1,0
BRDA:217,22,0,0
BRDA:217,22,1,0
BRDA:217,23,0,0
BRDA:217,23,1,0
BRDA:222,24,0,0
BRDA:222,24,1,0
BRDA:223,25,0,0
BRDA:223,25,1,0
BRDA:223,25,2,0
BRDA:230,26,0,0
BRDA:230,26,1,0
BRDA:230,27,0,0
BRDA:230,27,1,0
BRF:60
BRH:0
end_of_record
TN:
SF:src/query/QueryData.ts
FN:1,(anonymous_0)
FN:7,QueryData
FN:21,(anonymous_2)
FN:28,(anonymous_3)
FN:32,(anonymous_4)
FN:40,isPlainObject
FN:66,hasObjectPrototype
FNF:7
FNH:7
FNDA:5,(anonymous_0)
FNDA:3,QueryData
FNDA:3,(anonymous_2)
FNDA:20,(anonymous_3)
FNDA:17,(anonymous_4)
FNDA:20,isPlainObject
FNDA:29,hasObjectPrototype
DA:1,5
DA:13,3
DA:14,3
DA:15,3
DA:16,3
DA:18,5
DA:21,5
DA:22,3
DA:23,3
DA:28,3
DA:29,20
DA:33,17
DA:34,17
DA:40,5
DA:41,20
DA:42,11
DA:46,9
DA:47,9
DA:48,0
DA:52,9
DA:53,9
DA:54,0
DA:58,9
DA:59,0
DA:63,9
DA:67,29
LF:26
LH:23
BRDA:16,0,0,0
BRDA:16,0,1,3
BRDA:16,1,0,3
BRDA:16,1,1,3
BRDA:30,2,0,9
BRDA:30,2,1,11
BRDA:41,3,0,11
BRDA:41,3,1,9
BRDA:47,4,0,0
BRDA:47,4,1,9
BRDA:53,5,0,0
BRDA:53,5,1,9
BRDA:58,6,0,0
BRDA:58,6,1,9
BRF:14
BRH:10
end_of_record
TN:
SF:src/query/index.ts
FN:6,(anonymous_0)
FN:4,(anonymous_1)
FN:20,(anonymous_2)
FN:22,QueryBuilder
FN:25,(anonymous_4)
FN:28,(anonymous_5)
FN:34,(anonymous_6)
FN:40,(anonymous_7)
FN:47,(anonymous_8)
FN:54,(anonymous_9)
FN:57,(anonymous_10)
FN:60,(anonymous_11)
FN:68,(anonymous_12)
FN:87,(anonymous_13)
FN:88,(anonymous_14)
FNF:15
FNH:4
FNDA:0,(anonymous_0)
FNDA:0,(anonymous_1)
FNDA:4,(anonymous_2)
FNDA:1,QueryBuilder
FNDA:0,(anonymous_4)
FNDA:0,(anonymous_5)
FNDA:1,(anonymous_6)
FNDA:0,(anonymous_7)
FNDA:0,(anonymous_8)
FNDA:0,(anonymous_9)
FNDA:0,(anonymous_10)
FNDA:0,(anonymous_11)
FNDA:1,(anonymous_12)
FNDA:0,(anonymous_13)
FNDA:0,(anonymous_14)
DA:2,4
DA:3,4
DA:4,4
DA:6,4
DA:18,4
DA:19,4
DA:20,4
DA:23,1
DA:25,4
DA:26,0
DA:28,4
DA:32,0
DA:34,4
DA:38,1
DA:40,4
DA:45,0
DA:47,4
DA:52,0
DA:54,4
DA:55,0
DA:57,4
DA:58,0
DA:60,4
DA:61,0
DA:63,4
DA:65,4
DA:69,1
DA:70,0
DA:73,1
DA:84,4
DA:88,0
DA:89,0
LF:32
LH:22
BRDA:32,0,0,0
BRDA:32,0,1,0
BRDA:32,1,0,0
BRDA:32,1,1,0
BRDA:38,2,0,1
BRDA:38,2,1,0
BRDA:38,3,0,1
BRDA:38,3,1,1
BRDA:69,4,0,0
BRDA:69,4,1,1
BRDA:92,5,0,0
BRDA:92,5,1,0
BRDA:92,6,0,0
BRDA:92,6,1,0
BRDA:93,7,0,0
BRDA:93,7,1,0
BRDA:93,8,0,0
BRDA:93,8,1,0
BRF:18
BRH:4
end_of_record
TN:
SF:src/types/index.ts
FN:1,(anonymous_0)
FNF:1
FNH:0
FNDA:0,(anonymous_0)
DA:1,0
LF:1
LH:0
BRF:0
BRH:0
end_of_record
