{"/Users/nishan/Desktop/nishan/experiments/usedb-mono/packages/react/src/index.ts": {"path":"/Users/nishan/Desktop/nishan/experiments/usedb-mono/packages/react/src/index.ts","statementMap":{"0":{"start":{"line":1,"column":0},"end":{"line":1,"column":26}},"1":{"start":{"line":2,"column":0},"end":{"line":2,"column":24}},"2":{"start":{"line":3,"column":0},"end":{"line":3,"column":35}}},"fnMap":{},"branchMap":{},"s":{"0":0,"1":0,"2":0},"f":{},"b":{}}
,"/Users/nishan/Desktop/nishan/experiments/usedb-mono/packages/react/src/refetchCallbacks.ts": {"path":"/Users/nishan/Desktop/nishan/experiments/usedb-mono/packages/react/src/refetchCallbacks.ts","statementMap":{"0":{"start":{"line":3,"column":19},"end":{"line":3,"column":38}},"1":{"start":{"line":6,"column":25},"end":{"line":24,"column":2}},"2":{"start":{"line":8,"column":21},"end":{"line":8,"column":36}},"3":{"start":{"line":9,"column":4},"end":{"line":9,"column":55}},"4":{"start":{"line":12,"column":4},"end":{"line":12,"column":48}},"5":{"start":{"line":15,"column":4},"end":{"line":15,"column":43}},"6":{"start":{"line":18,"column":4},"end":{"line":18,"column":36}},"7":{"start":{"line":21,"column":19},"end":{"line":21,"column":63}},"8":{"start":{"line":21,"column":54},"end":{"line":21,"column":63}},"9":{"start":{"line":22,"column":4},"end":{"line":22,"column":43}},"10":{"start":{"line":43,"column":25},"end":{"line":43,"column":41}},"11":{"start":{"line":33,"column":23},"end":{"line":36,"column":1}},"12":{"start":{"line":34,"column":20},"end":{"line":34,"column":47}},"13":{"start":{"line":35,"column":2},"end":{"line":35,"column":51}},"14":{"start":{"line":35,"column":39},"end":{"line":35,"column":50}},"15":{"start":{"line":43,"column":9},"end":{"line":43,"column":23}},"16":{"start":{"line":38,"column":26},"end":{"line":41,"column":1}},"17":{"start":{"line":39,"column":17},"end":{"line":39,"column":50}},"18":{"start":{"line":40,"column":2},"end":{"line":40,"column":51}},"19":{"start":{"line":40,"column":39},"end":{"line":40,"column":50}},"20":{"start":{"line":43,"column":43},"end":{"line":43,"column":60}}},"fnMap":{"0":{"name":"(anonymous_0)","decl":{"start":{"line":7,"column":2},"end":{"line":7,"column":5}},"loc":{"start":{"line":7,"column":38},"end":{"line":10,"column":3}}},"1":{"name":"(anonymous_1)","decl":{"start":{"line":11,"column":2},"end":{"line":11,"column":5}},"loc":{"start":{"line":11,"column":22},"end":{"line":13,"column":3}}},"2":{"name":"(anonymous_2)","decl":{"start":{"line":14,"column":8},"end":{"line":14,"column":null}},"loc":{"start":{"line":14,"column":8},"end":{"line":16,"column":3}}},"3":{"name":"(anonymous_3)","decl":{"start":{"line":17,"column":2},"end":{"line":17,"column":8}},"loc":{"start":{"line":17,"column":16},"end":{"line":19,"column":3}}},"4":{"name":"(anonymous_4)","decl":{"start":{"line":20,"column":2},"end":{"line":20,"column":8}},"loc":{"start":{"line":20,"column":34},"end":{"line":23,"column":3}}},"5":{"name":"(anonymous_5)","decl":{"start":{"line":21,"column":42},"end":{"line":21,"column":43}},"loc":{"start":{"line":21,"column":49},"end":{"line":21,"column":55}}},"6":{"name":"(anonymous_6)","decl":{"start":{"line":33,"column":23},"end":{"line":33,"column":24}},"loc":{"start":{"line":33,"column":40},"end":{"line":36,"column":1}}},"7":{"name":"(anonymous_7)","decl":{"start":{"line":35,"column":20},"end":{"line":35,"column":21}},"loc":{"start":{"line":35,"column":34},"end":{"line":35,"column":47}}},"8":{"name":"(anonymous_8)","decl":{"start":{"line":38,"column":26},"end":{"line":38,"column":27}},"loc":{"start":{"line":38,"column":43},"end":{"line":41,"column":1}}},"9":{"name":"(anonymous_9)","decl":{"start":{"line":40,"column":20},"end":{"line":40,"column":21}},"loc":{"start":{"line":40,"column":34},"end":{"line":40,"column":47}}}},"branchMap":{"0":{"loc":{"start":{"line":12,"column":41},"end":{"line":12,"column":45}},"type":"cond-expr","locations":[{"start":{"line":12,"column":41},"end":{"line":12,"column":45}},{"start":{"line":12,"column":45},"end":{"line":12,"column":47}}]},"1":{"loc":{"start":{"line":12,"column":4},"end":{"line":12,"column":45}},"type":"binary-expr","locations":[{"start":{"line":12,"column":4},"end":{"line":12,"column":45}},{"start":{"line":12,"column":41},"end":{"line":12,"column":45}}]},"2":{"loc":{"start":{"line":39,"column":44},"end":{"line":39,"column":48}},"type":"cond-expr","locations":[{"start":{"line":39,"column":44},"end":{"line":39,"column":48}},{"start":{"line":39,"column":48},"end":{"line":39,"column":50}}]},"3":{"loc":{"start":{"line":39,"column":17},"end":{"line":39,"column":48}},"type":"binary-expr","locations":[{"start":{"line":39,"column":17},"end":{"line":39,"column":48}},{"start":{"line":39,"column":44},"end":{"line":39,"column":48}}]}},"s":{"0":0,"1":0,"2":0,"3":0,"4":0,"5":0,"6":0,"7":0,"8":0,"9":0,"10":0,"11":0,"12":0,"13":0,"14":0,"15":0,"16":0,"17":0,"18":0,"19":0,"20":0},"f":{"0":0,"1":0,"2":0,"3":0,"4":0,"5":0,"6":0,"7":0,"8":0,"9":0},"b":{"0":[0,0],"1":[0,0],"2":[0,0],"3":[0,0]}}
,"/Users/nishan/Desktop/nishan/experiments/usedb-mono/packages/react/src/context/index.tsx": {"path":"/Users/nishan/Desktop/nishan/experiments/usedb-mono/packages/react/src/context/index.tsx","statementMap":{"0":{"start":{"line":1,"column":0},"end":{"line":1,"column":26}},"1":{"start":{"line":4,"column":13},"end":{"line":4,"column":78}},"2":{"start":{"line":6,"column":0},"end":{"line":8,"column":null}},"3":{"start":{"line":7,"column":2},"end":{"line":7,"column":47}},"4":{"start":{"line":11,"column":12},"end":{"line":11,"column":null}},"5":{"start":{"line":12,"column":10},"end":{"line":12,"column":null}},"6":{"start":{"line":17,"column":2},"end":{"line":21,"column":4}},"7":{"start":{"line":10,"column":0},"end":{"line":10,"column":16}}},"fnMap":{"0":{"name":"Provider","decl":{"start":{"line":10,"column":16},"end":{"line":10,"column":24}},"loc":{"start":{"line":16,"column":1},"end":{"line":22,"column":1}}}},"branchMap":{"0":{"loc":{"start":{"line":6,"column":0},"end":{"line":8,"column":null}},"type":"if","locations":[{"start":{"line":6,"column":0},"end":{"line":8,"column":null}},{"start":{"line":6,"column":0},"end":{"line":8,"column":null}}]}},"s":{"0":0,"1":0,"2":0,"3":0,"4":0,"5":0,"6":0,"7":0},"f":{"0":0},"b":{"0":[0,0]}}
,"/Users/nishan/Desktop/nishan/experiments/usedb-mono/packages/react/src/hooks/index.ts": {"path":"/Users/nishan/Desktop/nishan/experiments/usedb-mono/packages/react/src/hooks/index.ts","statementMap":{"0":{"start":{"line":1,"column":0},"end":{"line":1,"column":24}}},"fnMap":{},"branchMap":{},"s":{"0":0},"f":{},"b":{}}
,"/Users/nishan/Desktop/nishan/experiments/usedb-mono/packages/react/src/hooks/reducers.tsx": {"path":"/Users/nishan/Desktop/nishan/experiments/usedb-mono/packages/react/src/hooks/reducers.tsx","statementMap":{"0":{"start":{"line":14,"column":13},"end":{"line":30,"column":2}},"1":{"start":{"line":18,"column":2},"end":{"line":29,"column":null}},"2":{"start":{"line":20,"column":6},"end":{"line":20,"column":66}},"3":{"start":{"line":22,"column":6},"end":{"line":22,"column":63}},"4":{"start":{"line":24,"column":6},"end":{"line":24,"column":67}},"5":{"start":{"line":26,"column":6},"end":{"line":26,"column":50}},"6":{"start":{"line":28,"column":6},"end":{"line":28,"column":19}}},"fnMap":{"0":{"name":"(anonymous_0)","decl":{"start":{"line":14,"column":28},"end":{"line":14,"column":null}},"loc":{"start":{"line":16,"column":17},"end":{"line":30,"column":1}}}},"branchMap":{"0":{"loc":{"start":{"line":19,"column":4},"end":{"line":20,"column":66}},"type":"switch","locations":[{"start":{"line":19,"column":4},"end":{"line":20,"column":66}},{"start":{"line":21,"column":4},"end":{"line":22,"column":63}},{"start":{"line":23,"column":4},"end":{"line":24,"column":67}},{"start":{"line":25,"column":4},"end":{"line":26,"column":50}},{"start":{"line":27,"column":4},"end":{"line":28,"column":19}}]}},"s":{"0":0,"1":0,"2":0,"3":0,"4":0,"5":0,"6":0},"f":{"0":0},"b":{"0":[0,0,0,0,0]}}
,"/Users/nishan/Desktop/nishan/experiments/usedb-mono/packages/react/src/hooks/useDB.ts": {"path":"/Users/nishan/Desktop/nishan/experiments/usedb-mono/packages/react/src/hooks/useDB.ts","statementMap":{"0":{"start":{"line":1,"column":0},"end":{"line":1,"column":31}},"1":{"start":{"line":2,"column":0},"end":{"line":2,"column":73}},"2":{"start":{"line":3,"column":0},"end":{"line":3,"column":47}},"3":{"start":{"line":4,"column":0},"end":{"line":4,"column":35}},"4":{"start":{"line":5,"column":0},"end":{"line":5,"column":55}},"5":{"start":{"line":15,"column":6},"end":{"line":15,"column":36}},"6":{"start":{"line":17,"column":28},"end":{"line":17,"column":49}},"7":{"start":{"line":17,"column":14},"end":{"line":17,"column":16}},"8":{"start":{"line":17,"column":24},"end":{"line":17,"column":28}},"9":{"start":{"line":19,"column":25},"end":{"line":23,"column":null}},"10":{"start":{"line":21,"column":6},"end":{"line":21,"column":70}},"11":{"start":{"line":27,"column":2},"end":{"line":30,"column":47}},"12":{"start":{"line":28,"column":4},"end":{"line":28,"column":27}},"13":{"start":{"line":28,"column":20},"end":{"line":28,"column":27}},"14":{"start":{"line":29,"column":4},"end":{"line":29,"column":38}},"15":{"start":{"line":32,"column":2},"end":{"line":39,"column":14}},"16":{"start":{"line":33,"column":4},"end":{"line":33,"column":37}},"17":{"start":{"line":33,"column":30},"end":{"line":33,"column":37}},"18":{"start":{"line":34,"column":20},"end":{"line":34,"column":33}},"19":{"start":{"line":35,"column":4},"end":{"line":35,"column":45}},"20":{"start":{"line":36,"column":4},"end":{"line":38,"column":6}},"21":{"start":{"line":37,"column":6},"end":{"line":37,"column":50}},"22":{"start":{"line":41,"column":2},"end":{"line":47,"column":4}},"23":{"start":{"line":7,"column":0},"end":{"line":7,"column":16}}},"fnMap":{"0":{"name":"useDB","decl":{"start":{"line":7,"column":16},"end":{"line":7,"column":21}},"loc":{"start":{"line":9,"column":23},"end":{"line":48,"column":1}}},"1":{"name":"(anonymous_1)","decl":{"start":{"line":20,"column":4},"end":{"line":20,"column":5}},"loc":{"start":{"line":20,"column":47},"end":{"line":22,"column":5}}},"2":{"name":"(anonymous_2)","decl":{"start":{"line":27,"column":18},"end":{"line":27,"column":null}},"loc":{"start":{"line":27,"column":18},"end":{"line":30,"column":3}}},"3":{"name":"(anonymous_3)","decl":{"start":{"line":32,"column":18},"end":{"line":32,"column":null}},"loc":{"start":{"line":32,"column":18},"end":{"line":39,"column":3}}},"4":{"name":"(anonymous_4)","decl":{"start":{"line":36,"column":11},"end":{"line":36,"column":null}},"loc":{"start":{"line":36,"column":11},"end":{"line":38,"column":5}}}},"branchMap":{"0":{"loc":{"start":{"line":28,"column":4},"end":{"line":28,"column":27}},"type":"if","locations":[{"start":{"line":28,"column":4},"end":{"line":28,"column":27}},{"start":{"line":28,"column":4},"end":{"line":28,"column":27}}]},"1":{"loc":{"start":{"line":30,"column":6},"end":{"line":30,"column":15}},"type":"binary-expr","locations":[{"start":{"line":30,"column":6},"end":{"line":30,"column":15}},{"start":{"line":30,"column":19},"end":{"line":30,"column":44}}]},"2":{"loc":{"start":{"line":33,"column":4},"end":{"line":33,"column":37}},"type":"if","locations":[{"start":{"line":33,"column":4},"end":{"line":33,"column":37}},{"start":{"line":33,"column":4},"end":{"line":33,"column":37}}]},"3":{"loc":{"start":{"line":33,"column":8},"end":{"line":33,"column":18}},"type":"binary-expr","locations":[{"start":{"line":33,"column":8},"end":{"line":33,"column":18}},{"start":{"line":33,"column":22},"end":{"line":33,"column":28}}]},"4":{"loc":{"start":{"line":42,"column":20},"end":{"line":42,"column":32}},"type":"cond-expr","locations":[{"start":{"line":42,"column":20},"end":{"line":42,"column":32}},{"start":{"line":42,"column":35},"end":{"line":42,"column":41}}]},"5":{"loc":{"start":{"line":43,"column":19},"end":{"line":43,"column":30}},"type":"cond-expr","locations":[{"start":{"line":43,"column":19},"end":{"line":43,"column":30}},{"start":{"line":43,"column":33},"end":{"line":43,"column":42}}]},"6":{"loc":{"start":{"line":44,"column":19},"end":{"line":44,"column":29}},"type":"cond-expr","locations":[{"start":{"line":44,"column":19},"end":{"line":44,"column":29}},{"start":{"line":44,"column":32},"end":{"line":44,"column":41}}]}},"s":{"0":0,"1":0,"2":0,"3":0,"4":0,"5":0,"6":0,"7":0,"8":0,"9":0,"10":0,"11":0,"12":0,"13":0,"14":0,"15":0,"16":0,"17":0,"18":0,"19":0,"20":0,"21":0,"22":0,"23":0},"f":{"0":0,"1":0,"2":0,"3":0,"4":0},"b":{"0":[0,0],"1":[0,0],"2":[0,0],"3":[0,0],"4":[0,0],"5":[0,0],"6":[0,0]}}
}
