TN:
SF:src/index.ts
FNF:0
FNH:0
DA:1,0
DA:2,0
DA:3,0
LF:3
LH:0
BRF:0
BRH:0
end_of_record
TN:
SF:src/refetchCallbacks.ts
FN:7,(anonymous_0)
FN:11,(anonymous_1)
FN:14,(anonymous_2)
FN:17,(anonymous_3)
FN:20,(anonymous_4)
FN:21,(anonymous_5)
FN:33,(anonymous_6)
FN:35,(anonymous_7)
FN:38,(anonymous_8)
FN:40,(anonymous_9)
FNF:10
FNH:0
FNDA:0,(anonymous_0)
FNDA:0,(anonymous_1)
FNDA:0,(anonymous_2)
FNDA:0,(anonymous_3)
FNDA:0,(anonymous_4)
FNDA:0,(anonymous_5)
FNDA:0,(anonymous_6)
FNDA:0,(anonymous_7)
FNDA:0,(anonymous_8)
FNDA:0,(anonymous_9)
DA:3,0
DA:6,0
DA:8,0
DA:9,0
DA:12,0
DA:15,0
DA:18,0
DA:21,0
DA:22,0
DA:33,0
DA:34,0
DA:35,0
DA:38,0
DA:39,0
DA:40,0
DA:43,0
LF:16
LH:0
BRDA:12,0,0,0
BRDA:12,0,1,0
BRDA:12,1,0,0
BRDA:12,1,1,0
BRDA:39,2,0,0
BRDA:39,2,1,0
BRDA:39,3,0,0
BRDA:39,3,1,0
BRF:8
BRH:0
end_of_record
TN:
SF:src/context/index.tsx
FN:10,Provider
FNF:1
FNH:0
FNDA:0,Provider
DA:1,0
DA:4,0
DA:6,0
DA:7,0
DA:10,0
DA:11,0
DA:12,0
DA:17,0
LF:8
LH:0
BRDA:6,0,0,0
BRDA:6,0,1,0
BRF:2
BRH:0
end_of_record
TN:
SF:src/hooks/index.ts
FNF:0
FNH:0
DA:1,0
LF:1
LH:0
BRF:0
BRH:0
end_of_record
TN:
SF:src/hooks/reducers.tsx
FN:14,(anonymous_0)
FNF:1
FNH:0
FNDA:0,(anonymous_0)
DA:14,0
DA:18,0
DA:20,0
DA:22,0
DA:24,0
DA:26,0
DA:28,0
LF:7
LH:0
BRDA:19,0,0,0
BRDA:19,0,1,0
BRDA:19,0,2,0
BRDA:19,0,3,0
BRDA:19,0,4,0
BRF:5
BRH:0
end_of_record
TN:
SF:src/hooks/useDB.ts
FN:7,useDB
FN:20,(anonymous_1)
FN:27,(anonymous_2)
FN:32,(anonymous_3)
FN:36,(anonymous_4)
FNF:5
FNH:0
FNDA:0,useDB
FNDA:0,(anonymous_1)
FNDA:0,(anonymous_2)
FNDA:0,(anonymous_3)
FNDA:0,(anonymous_4)
DA:1,0
DA:2,0
DA:3,0
DA:4,0
DA:5,0
DA:7,0
DA:15,0
DA:17,0
DA:19,0
DA:21,0
DA:27,0
DA:28,0
DA:29,0
DA:32,0
DA:33,0
DA:34,0
DA:35,0
DA:36,0
DA:37,0
DA:41,0
LF:20
LH:0
BRDA:28,0,0,0
BRDA:28,0,1,0
BRDA:30,1,0,0
BRDA:30,1,1,0
BRDA:33,2,0,0
BRDA:33,2,1,0
BRDA:33,3,0,0
BRDA:33,3,1,0
BRDA:42,4,0,0
BRDA:42,4,1,0
BRDA:43,5,0,0
BRDA:43,5,1,0
BRDA:44,6,0,0
BRDA:44,6,1,0
BRF:14
BRH:0
end_of_record
